2016-08-22 14:11:06,078 INFO [localhost-startStop-1] o.s.w.c.ContextLoader [ContextLoader.java:285] Root WebApplicationContext: initialization started
2016-08-22 14:11:06,284 INFO [localhost-startStop-1] o.s.w.c.s.XmlWebApplicationContext [AbstractApplicationContext.java:510] Refreshing Root WebApplicationContext: startup date [Mon Aug 22 14:11:06 CEST 2016]; root of context hierarchy
2016-08-22 14:11:06,382 INFO [localhost-startStop-1] o.s.b.f.x.XmlBeanDefinitionReader [XmlBeanDefinitionReader.java:317] Loading XML bean definitions from class path resource [spring/business-config.xml]
2016-08-22 14:11:06,634 INFO [localhost-startStop-1] o.s.b.f.x.XmlBeanDefinitionReader [XmlBeanDefinitionReader.java:317] Loading XML bean definitions from class path resource [spring/persistence-config.xml]
2016-08-22 14:11:07,294 INFO [localhost-startStop-1] o.s.c.s.PropertySourcesPlaceholderConfigurer [PropertiesLoaderSupport.java:172] Loading properties file from class path resource [spring/data-access.properties]
2016-08-22 14:11:07,623 INFO [localhost-startStop-1] o.s.o.j.LocalContainerEntityManagerFactoryBean [LocalContainerEntityManagerFactoryBean.java:339] Building JPA container EntityManagerFactory for persistence unit 'wp'
2016-08-22 14:11:07,663 INFO [localhost-startStop-1] o.h.j.i.u.LogHelper [LogHelper.java:46] HHH000204: Processing PersistenceUnitInfo [
	name: wp
	...]
2016-08-22 14:11:07,907 INFO [localhost-startStop-1] o.h.Version [Version.java:54] HHH000412: Hibernate Core {4.3.10.Final}
2016-08-22 14:11:07,912 INFO [localhost-startStop-1] o.h.c.Environment [Environment.java:239] HHH000206: hibernate.properties not found
2016-08-22 14:11:07,915 INFO [localhost-startStop-1] o.h.c.Environment [Environment.java:346] HHH000021: Bytecode provider name : javassist
2016-08-22 14:11:08,411 INFO [localhost-startStop-1] o.h.a.c.Version [JavaReflectionManager.java:66] HCANN000001: Hibernate Commons Annotations {4.0.5.Final}
2016-08-22 14:11:09,298 INFO [localhost-startStop-1] o.h.d.Dialect [Dialect.java:145] HHH000400: Using dialect: org.hibernate.dialect.MySQLDialect
2016-08-22 14:11:09,501 INFO [localhost-startStop-1] o.h.h.i.a.ASTQueryTranslatorFactory [ASTQueryTranslatorFactory.java:47] HHH000397: Using ASTQueryTranslatorFactory
2016-08-22 14:11:09,600 INFO [localhost-startStop-1] o.h.v.i.u.Version [Version.java:27] HV000001: Hibernate Validator 5.1.3.Final
2016-08-22 14:11:10,219 INFO [localhost-startStop-1] o.h.t.h.SchemaUpdate [SchemaUpdate.java:207] HHH000228: Running hbm2ddl schema update
2016-08-22 14:11:10,219 INFO [localhost-startStop-1] o.h.t.h.SchemaUpdate [SchemaUpdate.java:218] HHH000102: Fetching database metadata
2016-08-22 14:11:10,221 INFO [localhost-startStop-1] o.h.t.h.SchemaUpdate [SchemaUpdate.java:230] HHH000396: Updating schema
2016-08-22 14:11:10,247 INFO [localhost-startStop-1] o.h.t.h.TableMetadata [TableMetadata.java:65] HHH000261: Table found: wp_project.projects
2016-08-22 14:11:10,247 INFO [localhost-startStop-1] o.h.t.h.TableMetadata [TableMetadata.java:66] HHH000037: Columns: [name]
2016-08-22 14:11:10,247 INFO [localhost-startStop-1] o.h.t.h.TableMetadata [TableMetadata.java:68] HHH000108: Foreign keys: []
2016-08-22 14:11:10,247 INFO [localhost-startStop-1] o.h.t.h.TableMetadata [TableMetadata.java:69] HHH000126: Indexes: [primary]
2016-08-22 14:11:10,267 INFO [localhost-startStop-1] o.h.t.h.TableMetadata [TableMetadata.java:65] HHH000261: Table found: wp_project.tags
2016-08-22 14:11:10,268 INFO [localhost-startStop-1] o.h.t.h.TableMetadata [TableMetadata.java:66] HHH000037: Columns: [name]
2016-08-22 14:11:10,268 INFO [localhost-startStop-1] o.h.t.h.TableMetadata [TableMetadata.java:68] HHH000108: Foreign keys: []
2016-08-22 14:11:10,268 INFO [localhost-startStop-1] o.h.t.h.TableMetadata [TableMetadata.java:69] HHH000126: Indexes: [primary]
2016-08-22 14:11:10,287 INFO [localhost-startStop-1] o.h.t.h.TableMetadata [TableMetadata.java:65] HHH000261: Table found: wp_project.worklogs
2016-08-22 14:11:10,288 INFO [localhost-startStop-1] o.h.t.h.TableMetadata [TableMetadata.java:66] HHH000037: Columns: [datum, hours, isholiday, description, id, project_name]
2016-08-22 14:11:10,288 INFO [localhost-startStop-1] o.h.t.h.TableMetadata [TableMetadata.java:68] HHH000108: Foreign keys: [fk_mdrgse09qm8txcxu9aa7hdnnq]
2016-08-22 14:11:10,288 INFO [localhost-startStop-1] o.h.t.h.TableMetadata [TableMetadata.java:69] HHH000126: Indexes: [fk_mdrgse09qm8txcxu9aa7hdnnq, primary]
2016-08-22 14:11:10,347 INFO [localhost-startStop-1] o.h.t.h.TableMetadata [TableMetadata.java:65] HHH000261: Table found: wp_project.worklogs_tags
2016-08-22 14:11:10,348 INFO [localhost-startStop-1] o.h.t.h.TableMetadata [TableMetadata.java:66] HHH000037: Columns: [worklogs_id, tags_name]
2016-08-22 14:11:10,349 INFO [localhost-startStop-1] o.h.t.h.TableMetadata [TableMetadata.java:68] HHH000108: Foreign keys: [fk_kxhln3buwe317npxx100kbqpo, fk_hsjws015mkto544y4kt6easup]
2016-08-22 14:11:10,350 INFO [localhost-startStop-1] o.h.t.h.TableMetadata [TableMetadata.java:69] HHH000126: Indexes: [fk_kxhln3buwe317npxx100kbqpo, fk_hsjws015mkto544y4kt6easup]
2016-08-22 14:11:10,352 INFO [localhost-startStop-1] o.h.t.h.SchemaUpdate [SchemaUpdate.java:267] HHH000232: Schema update complete
2016-08-22 14:11:10,833 INFO [localhost-startStop-1] o.s.w.c.ContextLoader [ContextLoader.java:325] Root WebApplicationContext: initialization completed in 4743 ms
2016-08-22 14:11:10,863 INFO [localhost-startStop-1] o.s.w.s.DispatcherServlet [FrameworkServlet.java:485] FrameworkServlet 'dispatcherServlet': initialization started
2016-08-22 14:11:10,866 INFO [localhost-startStop-1] o.s.w.c.s.XmlWebApplicationContext [AbstractApplicationContext.java:510] Refreshing WebApplicationContext for namespace 'dispatcherServlet-servlet': startup date [Mon Aug 22 14:11:10 CEST 2016]; parent: Root WebApplicationContext
2016-08-22 14:11:10,866 INFO [localhost-startStop-1] o.s.b.f.x.XmlBeanDefinitionReader [XmlBeanDefinitionReader.java:317] Loading XML bean definitions from class path resource [spring/mvc-core-config.xml]
2016-08-22 14:11:10,928 INFO [localhost-startStop-1] o.s.b.f.x.XmlBeanDefinitionReader [XmlBeanDefinitionReader.java:317] Loading XML bean definitions from class path resource [spring/mvc-view-config.xml]
2016-08-22 14:11:11,270 INFO [localhost-startStop-1] o.s.w.s.m.m.a.RequestMappingHandlerMapping [AbstractHandlerMethodMapping.java:217] Mapped "{[/{filename:.+}],methods=[GET]}" onto public org.springframework.http.ResponseEntity<?> mk.ukim.finki.wp.web.FileUploadController.getFile(java.lang.String)
2016-08-22 14:11:11,270 INFO [localhost-startStop-1] o.s.w.s.m.m.a.RequestMappingHandlerMapping [AbstractHandlerMethodMapping.java:217] Mapped "{[/addWorkLog],methods=[GET]}" onto public java.lang.String mk.ukim.finki.wp.web.FileUploadController.addNewRow(org.springframework.ui.Model) throws java.io.IOException
2016-08-22 14:11:11,271 INFO [localhost-startStop-1] o.s.w.s.m.m.a.RequestMappingHandlerMapping [AbstractHandlerMethodMapping.java:217] Mapped "{[/],methods=[POST]}" onto public java.lang.String mk.ukim.finki.wp.web.FileUploadController.handleFileUpload(org.springframework.web.multipart.MultipartFile,org.springframework.web.servlet.mvc.support.RedirectAttributes) throws java.lang.Exception
2016-08-22 14:11:11,271 INFO [localhost-startStop-1] o.s.w.s.m.m.a.RequestMappingHandlerMapping [AbstractHandlerMethodMapping.java:217] Mapped "{[/addWorkLog],methods=[POST]}" onto public java.lang.String mk.ukim.finki.wp.web.FileUploadController.addWorkLog(javax.servlet.http.HttpServletRequest,javax.servlet.http.HttpServletResponse)
2016-08-22 14:11:11,271 INFO [localhost-startStop-1] o.s.w.s.m.m.a.RequestMappingHandlerMapping [AbstractHandlerMethodMapping.java:217] Mapped "{[/],methods=[GET]}" onto public java.lang.String mk.ukim.finki.wp.web.FileUploadController.provideUploadInfo(org.springframework.ui.Model) throws java.io.IOException
2016-08-22 14:11:11,273 INFO [localhost-startStop-1] o.s.w.s.m.m.a.RequestMappingHandlerMapping [AbstractHandlerMethodMapping.java:217] Mapped "{[/rest/getTags],methods=[GET]}" onto public java.util.List<java.lang.String> mk.ukim.finki.wp.web.RestWorkLogController.getTags(javax.servlet.http.HttpServletRequest,javax.servlet.http.HttpServletResponse)
2016-08-22 14:11:11,274 INFO [localhost-startStop-1] o.s.w.s.m.m.a.RequestMappingHandlerMapping [AbstractHandlerMethodMapping.java:217] Mapped "{[/rest/getProjects],methods=[GET]}" onto public java.util.List<java.lang.String> mk.ukim.finki.wp.web.RestWorkLogController.getProjects(javax.servlet.http.HttpServletRequest,javax.servlet.http.HttpServletResponse)
2016-08-22 14:11:11,274 INFO [localhost-startStop-1] o.s.w.s.m.m.a.RequestMappingHandlerMapping [AbstractHandlerMethodMapping.java:217] Mapped "{[/rest/getWorkLogs],methods=[GET]}" onto public java.util.List<mk.ukim.finki.wp.model.WorkLog> mk.ukim.finki.wp.web.RestWorkLogController.getWorkLogs(javax.servlet.http.HttpServletRequest,javax.servlet.http.HttpServletResponse)
2016-08-22 14:11:11,274 INFO [localhost-startStop-1] o.s.w.s.m.m.a.RequestMappingHandlerMapping [AbstractHandlerMethodMapping.java:217] Mapped "{[/rest/deleteAll],methods=[GET]}" onto public java.lang.String mk.ukim.finki.wp.web.RestWorkLogController.deleteAll()
2016-08-22 14:11:11,885 INFO [localhost-startStop-1] o.s.w.s.m.m.a.RequestMappingHandlerAdapter [RequestMappingHandlerAdapter.java:517] Looking for @ControllerAdvice: WebApplicationContext for namespace 'dispatcherServlet-servlet': startup date [Mon Aug 22 14:11:10 CEST 2016]; parent: Root WebApplicationContext
2016-08-22 14:11:11,924 INFO [localhost-startStop-1] o.s.w.s.m.m.a.RequestMappingHandlerAdapter [RequestMappingHandlerAdapter.java:517] Looking for @ControllerAdvice: WebApplicationContext for namespace 'dispatcherServlet-servlet': startup date [Mon Aug 22 14:11:10 CEST 2016]; parent: Root WebApplicationContext
2016-08-22 14:11:11,986 INFO [localhost-startStop-1] o.s.w.s.h.SimpleUrlHandlerMapping [AbstractUrlHandlerMapping.java:314] Mapped URL path [/**] onto handler 'org.springframework.web.servlet.resource.ResourceHttpRequestHandler#0'
2016-08-22 14:11:11,993 INFO [localhost-startStop-1] o.s.w.s.h.SimpleUrlHandlerMapping [AbstractUrlHandlerMapping.java:301] Root mapping to handler of type [class org.springframework.web.servlet.mvc.ParameterizableViewController]
2016-08-22 14:11:11,998 INFO [localhost-startStop-1] o.s.w.s.h.SimpleUrlHandlerMapping [AbstractUrlHandlerMapping.java:314] Mapped URL path [/**] onto handler 'org.springframework.web.servlet.resource.DefaultServletHttpRequestHandler#0'
2016-08-22 14:11:12,046 INFO [localhost-startStop-1] o.s.w.s.DispatcherServlet [FrameworkServlet.java:504] FrameworkServlet 'dispatcherServlet': initialization completed in 1183 ms
2016-08-22 14:14:35,320 INFO [localhost-startStop-1] o.s.w.c.ContextLoader [ContextLoader.java:285] Root WebApplicationContext: initialization started
2016-08-22 14:14:35,387 INFO [localhost-startStop-1] o.s.w.c.s.XmlWebApplicationContext [AbstractApplicationContext.java:510] Refreshing Root WebApplicationContext: startup date [Mon Aug 22 14:14:35 CEST 2016]; root of context hierarchy
2016-08-22 14:14:35,418 INFO [localhost-startStop-1] o.s.b.f.x.XmlBeanDefinitionReader [XmlBeanDefinitionReader.java:317] Loading XML bean definitions from class path resource [spring/business-config.xml]
2016-08-22 14:14:35,493 INFO [localhost-startStop-1] o.s.b.f.x.XmlBeanDefinitionReader [XmlBeanDefinitionReader.java:317] Loading XML bean definitions from class path resource [spring/persistence-config.xml]
2016-08-22 14:14:35,794 INFO [localhost-startStop-1] o.s.c.s.PropertySourcesPlaceholderConfigurer [PropertiesLoaderSupport.java:172] Loading properties file from class path resource [spring/data-access.properties]
2016-08-22 14:14:35,961 INFO [localhost-startStop-1] o.s.o.j.LocalContainerEntityManagerFactoryBean [LocalContainerEntityManagerFactoryBean.java:339] Building JPA container EntityManagerFactory for persistence unit 'wp'
2016-08-22 14:14:35,984 INFO [localhost-startStop-1] o.h.j.i.u.LogHelper [LogHelper.java:46] HHH000204: Processing PersistenceUnitInfo [
	name: wp
	...]
2016-08-22 14:14:36,132 INFO [localhost-startStop-1] o.h.Version [Version.java:54] HHH000412: Hibernate Core {4.3.10.Final}
2016-08-22 14:14:36,134 INFO [localhost-startStop-1] o.h.c.Environment [Environment.java:239] HHH000206: hibernate.properties not found
2016-08-22 14:14:36,136 INFO [localhost-startStop-1] o.h.c.Environment [Environment.java:346] HHH000021: Bytecode provider name : javassist
2016-08-22 14:14:36,432 INFO [localhost-startStop-1] o.h.a.c.Version [JavaReflectionManager.java:66] HCANN000001: Hibernate Commons Annotations {4.0.5.Final}
2016-08-22 14:14:36,778 INFO [localhost-startStop-1] o.h.d.Dialect [Dialect.java:145] HHH000400: Using dialect: org.hibernate.dialect.MySQLDialect
2016-08-22 14:14:36,953 INFO [localhost-startStop-1] o.h.h.i.a.ASTQueryTranslatorFactory [ASTQueryTranslatorFactory.java:47] HHH000397: Using ASTQueryTranslatorFactory
2016-08-22 14:14:37,012 INFO [localhost-startStop-1] o.h.v.i.u.Version [Version.java:27] HV000001: Hibernate Validator 5.1.3.Final
2016-08-22 14:14:37,441 INFO [localhost-startStop-1] o.h.t.h.SchemaUpdate [SchemaUpdate.java:207] HHH000228: Running hbm2ddl schema update
2016-08-22 14:14:37,442 INFO [localhost-startStop-1] o.h.t.h.SchemaUpdate [SchemaUpdate.java:218] HHH000102: Fetching database metadata
2016-08-22 14:14:37,446 INFO [localhost-startStop-1] o.h.t.h.SchemaUpdate [SchemaUpdate.java:230] HHH000396: Updating schema
2016-08-22 14:14:37,469 INFO [localhost-startStop-1] o.h.t.h.TableMetadata [TableMetadata.java:65] HHH000261: Table found: wp_project.projects
2016-08-22 14:14:37,470 INFO [localhost-startStop-1] o.h.t.h.TableMetadata [TableMetadata.java:66] HHH000037: Columns: [name]
2016-08-22 14:14:37,471 INFO [localhost-startStop-1] o.h.t.h.TableMetadata [TableMetadata.java:68] HHH000108: Foreign keys: []
2016-08-22 14:14:37,471 INFO [localhost-startStop-1] o.h.t.h.TableMetadata [TableMetadata.java:69] HHH000126: Indexes: [primary]
2016-08-22 14:14:37,480 INFO [localhost-startStop-1] o.h.t.h.TableMetadata [TableMetadata.java:65] HHH000261: Table found: wp_project.tags
2016-08-22 14:14:37,481 INFO [localhost-startStop-1] o.h.t.h.TableMetadata [TableMetadata.java:66] HHH000037: Columns: [name]
2016-08-22 14:14:37,481 INFO [localhost-startStop-1] o.h.t.h.TableMetadata [TableMetadata.java:68] HHH000108: Foreign keys: []
2016-08-22 14:14:37,482 INFO [localhost-startStop-1] o.h.t.h.TableMetadata [TableMetadata.java:69] HHH000126: Indexes: [primary]
2016-08-22 14:14:37,493 INFO [localhost-startStop-1] o.h.t.h.TableMetadata [TableMetadata.java:65] HHH000261: Table found: wp_project.worklogs
2016-08-22 14:14:37,493 INFO [localhost-startStop-1] o.h.t.h.TableMetadata [TableMetadata.java:66] HHH000037: Columns: [datum, hours, isholiday, description, id, project_name]
2016-08-22 14:14:37,493 INFO [localhost-startStop-1] o.h.t.h.TableMetadata [TableMetadata.java:68] HHH000108: Foreign keys: [fk_mdrgse09qm8txcxu9aa7hdnnq]
2016-08-22 14:14:37,494 INFO [localhost-startStop-1] o.h.t.h.TableMetadata [TableMetadata.java:69] HHH000126: Indexes: [fk_mdrgse09qm8txcxu9aa7hdnnq, primary]
2016-08-22 14:14:37,503 INFO [localhost-startStop-1] o.h.t.h.TableMetadata [TableMetadata.java:65] HHH000261: Table found: wp_project.worklogs_tags
2016-08-22 14:14:37,504 INFO [localhost-startStop-1] o.h.t.h.TableMetadata [TableMetadata.java:66] HHH000037: Columns: [worklogs_id, tags_name]
2016-08-22 14:14:37,504 INFO [localhost-startStop-1] o.h.t.h.TableMetadata [TableMetadata.java:68] HHH000108: Foreign keys: [fk_kxhln3buwe317npxx100kbqpo, fk_hsjws015mkto544y4kt6easup]
2016-08-22 14:14:37,504 INFO [localhost-startStop-1] o.h.t.h.TableMetadata [TableMetadata.java:69] HHH000126: Indexes: [fk_kxhln3buwe317npxx100kbqpo, fk_hsjws015mkto544y4kt6easup]
2016-08-22 14:14:37,505 INFO [localhost-startStop-1] o.h.t.h.SchemaUpdate [SchemaUpdate.java:267] HHH000232: Schema update complete
2016-08-22 14:14:37,800 INFO [localhost-startStop-1] o.s.w.c.ContextLoader [ContextLoader.java:325] Root WebApplicationContext: initialization completed in 2476 ms
2016-08-22 14:14:37,820 INFO [localhost-startStop-1] o.s.w.s.DispatcherServlet [FrameworkServlet.java:485] FrameworkServlet 'dispatcherServlet': initialization started
2016-08-22 14:14:37,822 INFO [localhost-startStop-1] o.s.w.c.s.XmlWebApplicationContext [AbstractApplicationContext.java:510] Refreshing WebApplicationContext for namespace 'dispatcherServlet-servlet': startup date [Mon Aug 22 14:14:37 CEST 2016]; parent: Root WebApplicationContext
2016-08-22 14:14:37,822 INFO [localhost-startStop-1] o.s.b.f.x.XmlBeanDefinitionReader [XmlBeanDefinitionReader.java:317] Loading XML bean definitions from class path resource [spring/mvc-core-config.xml]
2016-08-22 14:14:37,851 INFO [localhost-startStop-1] o.s.b.f.x.XmlBeanDefinitionReader [XmlBeanDefinitionReader.java:317] Loading XML bean definitions from class path resource [spring/mvc-view-config.xml]
2016-08-22 14:14:38,101 INFO [localhost-startStop-1] o.s.w.s.m.m.a.RequestMappingHandlerMapping [AbstractHandlerMethodMapping.java:217] Mapped "{[/{filename:.+}],methods=[GET]}" onto public org.springframework.http.ResponseEntity<?> mk.ukim.finki.wp.web.FileUploadController.getFile(java.lang.String)
2016-08-22 14:14:38,102 INFO [localhost-startStop-1] o.s.w.s.m.m.a.RequestMappingHandlerMapping [AbstractHandlerMethodMapping.java:217] Mapped "{[/],methods=[GET]}" onto public java.lang.String mk.ukim.finki.wp.web.FileUploadController.provideUploadInfo(org.springframework.ui.Model) throws java.io.IOException
2016-08-22 14:14:38,102 INFO [localhost-startStop-1] o.s.w.s.m.m.a.RequestMappingHandlerMapping [AbstractHandlerMethodMapping.java:217] Mapped "{[/addWorkLog],methods=[GET]}" onto public java.lang.String mk.ukim.finki.wp.web.FileUploadController.addNewRow(org.springframework.ui.Model) throws java.io.IOException
2016-08-22 14:14:38,103 INFO [localhost-startStop-1] o.s.w.s.m.m.a.RequestMappingHandlerMapping [AbstractHandlerMethodMapping.java:217] Mapped "{[/addWorkLog],methods=[POST]}" onto public java.lang.String mk.ukim.finki.wp.web.FileUploadController.addWorkLog(javax.servlet.http.HttpServletRequest,javax.servlet.http.HttpServletResponse)
2016-08-22 14:14:38,104 INFO [localhost-startStop-1] o.s.w.s.m.m.a.RequestMappingHandlerMapping [AbstractHandlerMethodMapping.java:217] Mapped "{[/],methods=[POST]}" onto public java.lang.String mk.ukim.finki.wp.web.FileUploadController.handleFileUpload(org.springframework.web.multipart.MultipartFile,org.springframework.web.servlet.mvc.support.RedirectAttributes) throws java.lang.Exception
2016-08-22 14:14:38,106 INFO [localhost-startStop-1] o.s.w.s.m.m.a.RequestMappingHandlerMapping [AbstractHandlerMethodMapping.java:217] Mapped "{[/rest/getTags],methods=[GET]}" onto public java.util.List<java.lang.String> mk.ukim.finki.wp.web.RestWorkLogController.getTags(javax.servlet.http.HttpServletRequest,javax.servlet.http.HttpServletResponse)
2016-08-22 14:14:38,106 INFO [localhost-startStop-1] o.s.w.s.m.m.a.RequestMappingHandlerMapping [AbstractHandlerMethodMapping.java:217] Mapped "{[/rest/getProjects],methods=[GET]}" onto public java.util.List<java.lang.String> mk.ukim.finki.wp.web.RestWorkLogController.getProjects(javax.servlet.http.HttpServletRequest,javax.servlet.http.HttpServletResponse)
2016-08-22 14:14:38,106 INFO [localhost-startStop-1] o.s.w.s.m.m.a.RequestMappingHandlerMapping [AbstractHandlerMethodMapping.java:217] Mapped "{[/rest/deleteAll],methods=[GET]}" onto public java.lang.String mk.ukim.finki.wp.web.RestWorkLogController.deleteAll()
2016-08-22 14:14:38,107 INFO [localhost-startStop-1] o.s.w.s.m.m.a.RequestMappingHandlerMapping [AbstractHandlerMethodMapping.java:217] Mapped "{[/rest/getWorkLogs],methods=[GET]}" onto public java.util.List<mk.ukim.finki.wp.model.WorkLog> mk.ukim.finki.wp.web.RestWorkLogController.getWorkLogs(javax.servlet.http.HttpServletRequest,javax.servlet.http.HttpServletResponse)
2016-08-22 14:14:38,395 INFO [localhost-startStop-1] o.s.w.s.m.m.a.RequestMappingHandlerAdapter [RequestMappingHandlerAdapter.java:517] Looking for @ControllerAdvice: WebApplicationContext for namespace 'dispatcherServlet-servlet': startup date [Mon Aug 22 14:14:37 CEST 2016]; parent: Root WebApplicationContext
2016-08-22 14:14:38,434 INFO [localhost-startStop-1] o.s.w.s.m.m.a.RequestMappingHandlerAdapter [RequestMappingHandlerAdapter.java:517] Looking for @ControllerAdvice: WebApplicationContext for namespace 'dispatcherServlet-servlet': startup date [Mon Aug 22 14:14:37 CEST 2016]; parent: Root WebApplicationContext
2016-08-22 14:14:38,493 INFO [localhost-startStop-1] o.s.w.s.h.SimpleUrlHandlerMapping [AbstractUrlHandlerMapping.java:314] Mapped URL path [/**] onto handler 'org.springframework.web.servlet.resource.ResourceHttpRequestHandler#0'
2016-08-22 14:14:38,500 INFO [localhost-startStop-1] o.s.w.s.h.SimpleUrlHandlerMapping [AbstractUrlHandlerMapping.java:301] Root mapping to handler of type [class org.springframework.web.servlet.mvc.ParameterizableViewController]
2016-08-22 14:14:38,505 INFO [localhost-startStop-1] o.s.w.s.h.SimpleUrlHandlerMapping [AbstractUrlHandlerMapping.java:314] Mapped URL path [/**] onto handler 'org.springframework.web.servlet.resource.DefaultServletHttpRequestHandler#0'
2016-08-22 14:14:38,535 INFO [localhost-startStop-1] o.s.w.s.DispatcherServlet [FrameworkServlet.java:504] FrameworkServlet 'dispatcherServlet': initialization completed in 715 ms
2016-08-22 14:17:17,904 INFO [localhost-startStop-1] o.s.w.c.ContextLoader [ContextLoader.java:285] Root WebApplicationContext: initialization started
2016-08-22 14:17:17,970 INFO [localhost-startStop-1] o.s.w.c.s.XmlWebApplicationContext [AbstractApplicationContext.java:510] Refreshing Root WebApplicationContext: startup date [Mon Aug 22 14:17:17 CEST 2016]; root of context hierarchy
2016-08-22 14:17:18,004 INFO [localhost-startStop-1] o.s.b.f.x.XmlBeanDefinitionReader [XmlBeanDefinitionReader.java:317] Loading XML bean definitions from class path resource [spring/business-config.xml]
2016-08-22 14:17:18,078 INFO [localhost-startStop-1] o.s.b.f.x.XmlBeanDefinitionReader [XmlBeanDefinitionReader.java:317] Loading XML bean definitions from class path resource [spring/persistence-config.xml]
2016-08-22 14:17:18,382 INFO [localhost-startStop-1] o.s.c.s.PropertySourcesPlaceholderConfigurer [PropertiesLoaderSupport.java:172] Loading properties file from class path resource [spring/data-access.properties]
2016-08-22 14:17:18,579 INFO [localhost-startStop-1] o.s.o.j.LocalContainerEntityManagerFactoryBean [LocalContainerEntityManagerFactoryBean.java:339] Building JPA container EntityManagerFactory for persistence unit 'wp'
2016-08-22 14:17:18,604 INFO [localhost-startStop-1] o.h.j.i.u.LogHelper [LogHelper.java:46] HHH000204: Processing PersistenceUnitInfo [
	name: wp
	...]
2016-08-22 14:17:18,845 INFO [localhost-startStop-1] o.h.Version [Version.java:54] HHH000412: Hibernate Core {4.3.10.Final}
2016-08-22 14:17:18,848 INFO [localhost-startStop-1] o.h.c.Environment [Environment.java:239] HHH000206: hibernate.properties not found
2016-08-22 14:17:18,850 INFO [localhost-startStop-1] o.h.c.Environment [Environment.java:346] HHH000021: Bytecode provider name : javassist
2016-08-22 14:17:19,035 INFO [localhost-startStop-1] o.h.a.c.Version [JavaReflectionManager.java:66] HCANN000001: Hibernate Commons Annotations {4.0.5.Final}
2016-08-22 14:17:19,486 INFO [localhost-startStop-1] o.h.d.Dialect [Dialect.java:145] HHH000400: Using dialect: org.hibernate.dialect.MySQLDialect
2016-08-22 14:17:19,644 INFO [localhost-startStop-1] o.h.h.i.a.ASTQueryTranslatorFactory [ASTQueryTranslatorFactory.java:47] HHH000397: Using ASTQueryTranslatorFactory
2016-08-22 14:17:19,716 INFO [localhost-startStop-1] o.h.v.i.u.Version [Version.java:27] HV000001: Hibernate Validator 5.1.3.Final
2016-08-22 14:17:20,108 INFO [localhost-startStop-1] o.h.t.h.SchemaUpdate [SchemaUpdate.java:207] HHH000228: Running hbm2ddl schema update
2016-08-22 14:17:20,108 INFO [localhost-startStop-1] o.h.t.h.SchemaUpdate [SchemaUpdate.java:218] HHH000102: Fetching database metadata
2016-08-22 14:17:20,110 INFO [localhost-startStop-1] o.h.t.h.SchemaUpdate [SchemaUpdate.java:230] HHH000396: Updating schema
2016-08-22 14:17:20,133 INFO [localhost-startStop-1] o.h.t.h.TableMetadata [TableMetadata.java:65] HHH000261: Table found: wp_project.projects
2016-08-22 14:17:20,133 INFO [localhost-startStop-1] o.h.t.h.TableMetadata [TableMetadata.java:66] HHH000037: Columns: [name]
2016-08-22 14:17:20,134 INFO [localhost-startStop-1] o.h.t.h.TableMetadata [TableMetadata.java:68] HHH000108: Foreign keys: []
2016-08-22 14:17:20,134 INFO [localhost-startStop-1] o.h.t.h.TableMetadata [TableMetadata.java:69] HHH000126: Indexes: [primary]
2016-08-22 14:17:20,143 INFO [localhost-startStop-1] o.h.t.h.TableMetadata [TableMetadata.java:65] HHH000261: Table found: wp_project.tags
2016-08-22 14:17:20,143 INFO [localhost-startStop-1] o.h.t.h.TableMetadata [TableMetadata.java:66] HHH000037: Columns: [name]
2016-08-22 14:17:20,144 INFO [localhost-startStop-1] o.h.t.h.TableMetadata [TableMetadata.java:68] HHH000108: Foreign keys: []
2016-08-22 14:17:20,144 INFO [localhost-startStop-1] o.h.t.h.TableMetadata [TableMetadata.java:69] HHH000126: Indexes: [primary]
2016-08-22 14:17:20,155 INFO [localhost-startStop-1] o.h.t.h.TableMetadata [TableMetadata.java:65] HHH000261: Table found: wp_project.worklogs
2016-08-22 14:17:20,155 INFO [localhost-startStop-1] o.h.t.h.TableMetadata [TableMetadata.java:66] HHH000037: Columns: [datum, hours, isholiday, description, id, project_name]
2016-08-22 14:17:20,156 INFO [localhost-startStop-1] o.h.t.h.TableMetadata [TableMetadata.java:68] HHH000108: Foreign keys: [fk_mdrgse09qm8txcxu9aa7hdnnq]
2016-08-22 14:17:20,156 INFO [localhost-startStop-1] o.h.t.h.TableMetadata [TableMetadata.java:69] HHH000126: Indexes: [fk_mdrgse09qm8txcxu9aa7hdnnq, primary]
2016-08-22 14:17:20,165 INFO [localhost-startStop-1] o.h.t.h.TableMetadata [TableMetadata.java:65] HHH000261: Table found: wp_project.worklogs_tags
2016-08-22 14:17:20,165 INFO [localhost-startStop-1] o.h.t.h.TableMetadata [TableMetadata.java:66] HHH000037: Columns: [worklogs_id, tags_name]
2016-08-22 14:17:20,165 INFO [localhost-startStop-1] o.h.t.h.TableMetadata [TableMetadata.java:68] HHH000108: Foreign keys: [fk_kxhln3buwe317npxx100kbqpo, fk_hsjws015mkto544y4kt6easup]
2016-08-22 14:17:20,166 INFO [localhost-startStop-1] o.h.t.h.TableMetadata [TableMetadata.java:69] HHH000126: Indexes: [fk_kxhln3buwe317npxx100kbqpo, fk_hsjws015mkto544y4kt6easup]
2016-08-22 14:17:20,167 INFO [localhost-startStop-1] o.h.t.h.SchemaUpdate [SchemaUpdate.java:267] HHH000232: Schema update complete
2016-08-22 14:17:20,438 INFO [localhost-startStop-1] o.s.w.c.ContextLoader [ContextLoader.java:325] Root WebApplicationContext: initialization completed in 2531 ms
2016-08-22 14:17:20,471 INFO [localhost-startStop-1] o.s.w.s.DispatcherServlet [FrameworkServlet.java:485] FrameworkServlet 'dispatcherServlet': initialization started
2016-08-22 14:17:20,474 INFO [localhost-startStop-1] o.s.w.c.s.XmlWebApplicationContext [AbstractApplicationContext.java:510] Refreshing WebApplicationContext for namespace 'dispatcherServlet-servlet': startup date [Mon Aug 22 14:17:20 CEST 2016]; parent: Root WebApplicationContext
2016-08-22 14:17:20,474 INFO [localhost-startStop-1] o.s.b.f.x.XmlBeanDefinitionReader [XmlBeanDefinitionReader.java:317] Loading XML bean definitions from class path resource [spring/mvc-core-config.xml]
2016-08-22 14:17:20,507 INFO [localhost-startStop-1] o.s.b.f.x.XmlBeanDefinitionReader [XmlBeanDefinitionReader.java:317] Loading XML bean definitions from class path resource [spring/mvc-view-config.xml]
2016-08-22 14:17:20,789 INFO [localhost-startStop-1] o.s.w.s.m.m.a.RequestMappingHandlerMapping [AbstractHandlerMethodMapping.java:217] Mapped "{[/{filename:.+}],methods=[GET]}" onto public org.springframework.http.ResponseEntity<?> mk.ukim.finki.wp.web.FileUploadController.getFile(java.lang.String)
2016-08-22 14:17:20,789 INFO [localhost-startStop-1] o.s.w.s.m.m.a.RequestMappingHandlerMapping [AbstractHandlerMethodMapping.java:217] Mapped "{[/addWorkLog],methods=[GET]}" onto public java.lang.String mk.ukim.finki.wp.web.FileUploadController.addNewRow(org.springframework.ui.Model) throws java.io.IOException
2016-08-22 14:17:20,790 INFO [localhost-startStop-1] o.s.w.s.m.m.a.RequestMappingHandlerMapping [AbstractHandlerMethodMapping.java:217] Mapped "{[/addWorkLog],methods=[POST]}" onto public java.lang.String mk.ukim.finki.wp.web.FileUploadController.addWorkLog(javax.servlet.http.HttpServletRequest,javax.servlet.http.HttpServletResponse)
2016-08-22 14:17:20,790 INFO [localhost-startStop-1] o.s.w.s.m.m.a.RequestMappingHandlerMapping [AbstractHandlerMethodMapping.java:217] Mapped "{[/],methods=[POST]}" onto public java.lang.String mk.ukim.finki.wp.web.FileUploadController.handleFileUpload(org.springframework.web.multipart.MultipartFile,org.springframework.web.servlet.mvc.support.RedirectAttributes) throws java.lang.Exception
2016-08-22 14:17:20,791 INFO [localhost-startStop-1] o.s.w.s.m.m.a.RequestMappingHandlerMapping [AbstractHandlerMethodMapping.java:217] Mapped "{[/],methods=[GET]}" onto public java.lang.String mk.ukim.finki.wp.web.FileUploadController.provideUploadInfo(org.springframework.ui.Model) throws java.io.IOException
2016-08-22 14:17:20,793 INFO [localhost-startStop-1] o.s.w.s.m.m.a.RequestMappingHandlerMapping [AbstractHandlerMethodMapping.java:217] Mapped "{[/rest/deleteAll],methods=[GET]}" onto public java.lang.String mk.ukim.finki.wp.web.RestWorkLogController.deleteAll()
2016-08-22 14:17:20,793 INFO [localhost-startStop-1] o.s.w.s.m.m.a.RequestMappingHandlerMapping [AbstractHandlerMethodMapping.java:217] Mapped "{[/rest/getTags],methods=[GET]}" onto public java.util.List<java.lang.String> mk.ukim.finki.wp.web.RestWorkLogController.getTags(javax.servlet.http.HttpServletRequest,javax.servlet.http.HttpServletResponse)
2016-08-22 14:17:20,794 INFO [localhost-startStop-1] o.s.w.s.m.m.a.RequestMappingHandlerMapping [AbstractHandlerMethodMapping.java:217] Mapped "{[/rest/getProjects],methods=[GET]}" onto public java.util.List<java.lang.String> mk.ukim.finki.wp.web.RestWorkLogController.getProjects(javax.servlet.http.HttpServletRequest,javax.servlet.http.HttpServletResponse)
2016-08-22 14:17:20,794 INFO [localhost-startStop-1] o.s.w.s.m.m.a.RequestMappingHandlerMapping [AbstractHandlerMethodMapping.java:217] Mapped "{[/rest/getWorkLogs],methods=[GET]}" onto public java.util.List<mk.ukim.finki.wp.model.WorkLog> mk.ukim.finki.wp.web.RestWorkLogController.getWorkLogs(javax.servlet.http.HttpServletRequest,javax.servlet.http.HttpServletResponse)
2016-08-22 14:17:21,163 INFO [localhost-startStop-1] o.s.w.s.m.m.a.RequestMappingHandlerAdapter [RequestMappingHandlerAdapter.java:517] Looking for @ControllerAdvice: WebApplicationContext for namespace 'dispatcherServlet-servlet': startup date [Mon Aug 22 14:17:20 CEST 2016]; parent: Root WebApplicationContext
2016-08-22 14:17:21,201 INFO [localhost-startStop-1] o.s.w.s.m.m.a.RequestMappingHandlerAdapter [RequestMappingHandlerAdapter.java:517] Looking for @ControllerAdvice: WebApplicationContext for namespace 'dispatcherServlet-servlet': startup date [Mon Aug 22 14:17:20 CEST 2016]; parent: Root WebApplicationContext
2016-08-22 14:17:21,253 INFO [localhost-startStop-1] o.s.w.s.h.SimpleUrlHandlerMapping [AbstractUrlHandlerMapping.java:314] Mapped URL path [/**] onto handler 'org.springframework.web.servlet.resource.ResourceHttpRequestHandler#0'
2016-08-22 14:17:21,260 INFO [localhost-startStop-1] o.s.w.s.h.SimpleUrlHandlerMapping [AbstractUrlHandlerMapping.java:301] Root mapping to handler of type [class org.springframework.web.servlet.mvc.ParameterizableViewController]
2016-08-22 14:17:21,267 INFO [localhost-startStop-1] o.s.w.s.h.SimpleUrlHandlerMapping [AbstractUrlHandlerMapping.java:314] Mapped URL path [/**] onto handler 'org.springframework.web.servlet.resource.DefaultServletHttpRequestHandler#0'
2016-08-22 14:17:21,308 INFO [localhost-startStop-1] o.s.w.s.DispatcherServlet [FrameworkServlet.java:504] FrameworkServlet 'dispatcherServlet': initialization completed in 837 ms
2016-08-22 14:19:32,137 INFO [localhost-startStop-1] o.s.w.c.ContextLoader [ContextLoader.java:285] Root WebApplicationContext: initialization started
2016-08-22 14:19:32,236 INFO [localhost-startStop-1] o.s.w.c.s.XmlWebApplicationContext [AbstractApplicationContext.java:510] Refreshing Root WebApplicationContext: startup date [Mon Aug 22 14:19:32 CEST 2016]; root of context hierarchy
2016-08-22 14:19:32,280 INFO [localhost-startStop-1] o.s.b.f.x.XmlBeanDefinitionReader [XmlBeanDefinitionReader.java:317] Loading XML bean definitions from class path resource [spring/business-config.xml]
2016-08-22 14:19:32,375 INFO [localhost-startStop-1] o.s.b.f.x.XmlBeanDefinitionReader [XmlBeanDefinitionReader.java:317] Loading XML bean definitions from class path resource [spring/persistence-config.xml]
2016-08-22 14:19:32,739 INFO [localhost-startStop-1] o.s.c.s.PropertySourcesPlaceholderConfigurer [PropertiesLoaderSupport.java:172] Loading properties file from class path resource [spring/data-access.properties]
2016-08-22 14:19:33,143 INFO [localhost-startStop-1] o.s.o.j.LocalContainerEntityManagerFactoryBean [LocalContainerEntityManagerFactoryBean.java:339] Building JPA container EntityManagerFactory for persistence unit 'wp'
2016-08-22 14:19:33,175 INFO [localhost-startStop-1] o.h.j.i.u.LogHelper [LogHelper.java:46] HHH000204: Processing PersistenceUnitInfo [
	name: wp
	...]
2016-08-22 14:19:33,390 INFO [localhost-startStop-1] o.h.Version [Version.java:54] HHH000412: Hibernate Core {4.3.10.Final}
2016-08-22 14:19:33,394 INFO [localhost-startStop-1] o.h.c.Environment [Environment.java:239] HHH000206: hibernate.properties not found
2016-08-22 14:19:33,396 INFO [localhost-startStop-1] o.h.c.Environment [Environment.java:346] HHH000021: Bytecode provider name : javassist
2016-08-22 14:19:33,737 INFO [localhost-startStop-1] o.h.a.c.Version [JavaReflectionManager.java:66] HCANN000001: Hibernate Commons Annotations {4.0.5.Final}
2016-08-22 14:19:34,264 INFO [localhost-startStop-1] o.h.d.Dialect [Dialect.java:145] HHH000400: Using dialect: org.hibernate.dialect.MySQLDialect
2016-08-22 14:19:34,496 INFO [localhost-startStop-1] o.h.h.i.a.ASTQueryTranslatorFactory [ASTQueryTranslatorFactory.java:47] HHH000397: Using ASTQueryTranslatorFactory
2016-08-22 14:19:34,572 INFO [localhost-startStop-1] o.h.v.i.u.Version [Version.java:27] HV000001: Hibernate Validator 5.1.3.Final
2016-08-22 14:19:35,341 INFO [localhost-startStop-1] o.h.t.h.SchemaUpdate [SchemaUpdate.java:207] HHH000228: Running hbm2ddl schema update
2016-08-22 14:19:35,342 INFO [localhost-startStop-1] o.h.t.h.SchemaUpdate [SchemaUpdate.java:218] HHH000102: Fetching database metadata
2016-08-22 14:19:35,345 INFO [localhost-startStop-1] o.h.t.h.SchemaUpdate [SchemaUpdate.java:230] HHH000396: Updating schema
2016-08-22 14:19:35,371 INFO [localhost-startStop-1] o.h.t.h.TableMetadata [TableMetadata.java:65] HHH000261: Table found: wp_project.projects
2016-08-22 14:19:35,371 INFO [localhost-startStop-1] o.h.t.h.TableMetadata [TableMetadata.java:66] HHH000037: Columns: [name]
2016-08-22 14:19:35,371 INFO [localhost-startStop-1] o.h.t.h.TableMetadata [TableMetadata.java:68] HHH000108: Foreign keys: []
2016-08-22 14:19:35,372 INFO [localhost-startStop-1] o.h.t.h.TableMetadata [TableMetadata.java:69] HHH000126: Indexes: [primary]
2016-08-22 14:19:35,381 INFO [localhost-startStop-1] o.h.t.h.TableMetadata [TableMetadata.java:65] HHH000261: Table found: wp_project.tags
2016-08-22 14:19:35,382 INFO [localhost-startStop-1] o.h.t.h.TableMetadata [TableMetadata.java:66] HHH000037: Columns: [name]
2016-08-22 14:19:35,383 INFO [localhost-startStop-1] o.h.t.h.TableMetadata [TableMetadata.java:68] HHH000108: Foreign keys: []
2016-08-22 14:19:35,383 INFO [localhost-startStop-1] o.h.t.h.TableMetadata [TableMetadata.java:69] HHH000126: Indexes: [primary]
2016-08-22 14:19:35,407 INFO [localhost-startStop-1] o.h.t.h.TableMetadata [TableMetadata.java:65] HHH000261: Table found: wp_project.worklogs
2016-08-22 14:19:35,407 INFO [localhost-startStop-1] o.h.t.h.TableMetadata [TableMetadata.java:66] HHH000037: Columns: [datum, hours, isholiday, description, id, project_name]
2016-08-22 14:19:35,408 INFO [localhost-startStop-1] o.h.t.h.TableMetadata [TableMetadata.java:68] HHH000108: Foreign keys: [fk_mdrgse09qm8txcxu9aa7hdnnq]
2016-08-22 14:19:35,408 INFO [localhost-startStop-1] o.h.t.h.TableMetadata [TableMetadata.java:69] HHH000126: Indexes: [fk_mdrgse09qm8txcxu9aa7hdnnq, primary]
2016-08-22 14:19:35,416 INFO [localhost-startStop-1] o.h.t.h.TableMetadata [TableMetadata.java:65] HHH000261: Table found: wp_project.worklogs_tags
2016-08-22 14:19:35,417 INFO [localhost-startStop-1] o.h.t.h.TableMetadata [TableMetadata.java:66] HHH000037: Columns: [worklogs_id, tags_name]
2016-08-22 14:19:35,417 INFO [localhost-startStop-1] o.h.t.h.TableMetadata [TableMetadata.java:68] HHH000108: Foreign keys: [fk_kxhln3buwe317npxx100kbqpo, fk_hsjws015mkto544y4kt6easup]
2016-08-22 14:19:35,418 INFO [localhost-startStop-1] o.h.t.h.TableMetadata [TableMetadata.java:69] HHH000126: Indexes: [fk_kxhln3buwe317npxx100kbqpo, fk_hsjws015mkto544y4kt6easup]
2016-08-22 14:19:35,419 INFO [localhost-startStop-1] o.h.t.h.SchemaUpdate [SchemaUpdate.java:267] HHH000232: Schema update complete
2016-08-22 14:19:35,794 INFO [localhost-startStop-1] o.s.w.c.ContextLoader [ContextLoader.java:325] Root WebApplicationContext: initialization completed in 3652 ms
2016-08-22 14:19:35,825 INFO [localhost-startStop-1] o.s.w.s.DispatcherServlet [FrameworkServlet.java:485] FrameworkServlet 'dispatcherServlet': initialization started
2016-08-22 14:19:35,828 INFO [localhost-startStop-1] o.s.w.c.s.XmlWebApplicationContext [AbstractApplicationContext.java:510] Refreshing WebApplicationContext for namespace 'dispatcherServlet-servlet': startup date [Mon Aug 22 14:19:35 CEST 2016]; parent: Root WebApplicationContext
2016-08-22 14:19:35,829 INFO [localhost-startStop-1] o.s.b.f.x.XmlBeanDefinitionReader [XmlBeanDefinitionReader.java:317] Loading XML bean definitions from class path resource [spring/mvc-core-config.xml]
2016-08-22 14:19:35,859 INFO [localhost-startStop-1] o.s.b.f.x.XmlBeanDefinitionReader [XmlBeanDefinitionReader.java:317] Loading XML bean definitions from class path resource [spring/mvc-view-config.xml]
2016-08-22 14:19:36,313 INFO [localhost-startStop-1] o.s.w.s.m.m.a.RequestMappingHandlerMapping [AbstractHandlerMethodMapping.java:217] Mapped "{[/{filename:.+}],methods=[GET]}" onto public org.springframework.http.ResponseEntity<?> mk.ukim.finki.wp.web.FileUploadController.getFile(java.lang.String)
2016-08-22 14:19:36,314 INFO [localhost-startStop-1] o.s.w.s.m.m.a.RequestMappingHandlerMapping [AbstractHandlerMethodMapping.java:217] Mapped "{[/],methods=[GET]}" onto public java.lang.String mk.ukim.finki.wp.web.FileUploadController.provideUploadInfo(org.springframework.ui.Model) throws java.io.IOException
2016-08-22 14:19:36,315 INFO [localhost-startStop-1] o.s.w.s.m.m.a.RequestMappingHandlerMapping [AbstractHandlerMethodMapping.java:217] Mapped "{[/addWorkLog],methods=[POST]}" onto public java.lang.String mk.ukim.finki.wp.web.FileUploadController.addWorkLog(javax.servlet.http.HttpServletRequest,javax.servlet.http.HttpServletResponse)
2016-08-22 14:19:36,315 INFO [localhost-startStop-1] o.s.w.s.m.m.a.RequestMappingHandlerMapping [AbstractHandlerMethodMapping.java:217] Mapped "{[/addWorkLog],methods=[GET]}" onto public java.lang.String mk.ukim.finki.wp.web.FileUploadController.addNewRow(org.springframework.ui.Model) throws java.io.IOException
2016-08-22 14:19:36,315 INFO [localhost-startStop-1] o.s.w.s.m.m.a.RequestMappingHandlerMapping [AbstractHandlerMethodMapping.java:217] Mapped "{[/],methods=[POST]}" onto public java.lang.String mk.ukim.finki.wp.web.FileUploadController.handleFileUpload(org.springframework.web.multipart.MultipartFile,org.springframework.web.servlet.mvc.support.RedirectAttributes) throws java.lang.Exception
2016-08-22 14:19:36,317 INFO [localhost-startStop-1] o.s.w.s.m.m.a.RequestMappingHandlerMapping [AbstractHandlerMethodMapping.java:217] Mapped "{[/rest/getProjects],methods=[GET]}" onto public java.util.List<java.lang.String> mk.ukim.finki.wp.web.RestWorkLogController.getProjects(javax.servlet.http.HttpServletRequest,javax.servlet.http.HttpServletResponse)
2016-08-22 14:19:36,318 INFO [localhost-startStop-1] o.s.w.s.m.m.a.RequestMappingHandlerMapping [AbstractHandlerMethodMapping.java:217] Mapped "{[/rest/getTags],methods=[GET]}" onto public java.util.List<java.lang.String> mk.ukim.finki.wp.web.RestWorkLogController.getTags(javax.servlet.http.HttpServletRequest,javax.servlet.http.HttpServletResponse)
2016-08-22 14:19:36,318 INFO [localhost-startStop-1] o.s.w.s.m.m.a.RequestMappingHandlerMapping [AbstractHandlerMethodMapping.java:217] Mapped "{[/rest/getWorkLogs],methods=[GET]}" onto public java.util.List<mk.ukim.finki.wp.model.WorkLog> mk.ukim.finki.wp.web.RestWorkLogController.getWorkLogs(javax.servlet.http.HttpServletRequest,javax.servlet.http.HttpServletResponse)
2016-08-22 14:19:36,319 INFO [localhost-startStop-1] o.s.w.s.m.m.a.RequestMappingHandlerMapping [AbstractHandlerMethodMapping.java:217] Mapped "{[/rest/deleteAll],methods=[GET]}" onto public java.lang.String mk.ukim.finki.wp.web.RestWorkLogController.deleteAll()
2016-08-22 14:19:36,739 INFO [localhost-startStop-1] o.s.w.s.m.m.a.RequestMappingHandlerAdapter [RequestMappingHandlerAdapter.java:517] Looking for @ControllerAdvice: WebApplicationContext for namespace 'dispatcherServlet-servlet': startup date [Mon Aug 22 14:19:35 CEST 2016]; parent: Root WebApplicationContext
2016-08-22 14:19:36,803 INFO [localhost-startStop-1] o.s.w.s.m.m.a.RequestMappingHandlerAdapter [RequestMappingHandlerAdapter.java:517] Looking for @ControllerAdvice: WebApplicationContext for namespace 'dispatcherServlet-servlet': startup date [Mon Aug 22 14:19:35 CEST 2016]; parent: Root WebApplicationContext
2016-08-22 14:19:36,901 INFO [localhost-startStop-1] o.s.w.s.h.SimpleUrlHandlerMapping [AbstractUrlHandlerMapping.java:314] Mapped URL path [/**] onto handler 'org.springframework.web.servlet.resource.ResourceHttpRequestHandler#0'
2016-08-22 14:19:36,912 INFO [localhost-startStop-1] o.s.w.s.h.SimpleUrlHandlerMapping [AbstractUrlHandlerMapping.java:301] Root mapping to handler of type [class org.springframework.web.servlet.mvc.ParameterizableViewController]
2016-08-22 14:19:36,919 INFO [localhost-startStop-1] o.s.w.s.h.SimpleUrlHandlerMapping [AbstractUrlHandlerMapping.java:314] Mapped URL path [/**] onto handler 'org.springframework.web.servlet.resource.DefaultServletHttpRequestHandler#0'
2016-08-22 14:19:36,976 INFO [localhost-startStop-1] o.s.w.s.DispatcherServlet [FrameworkServlet.java:504] FrameworkServlet 'dispatcherServlet': initialization completed in 1151 ms
2016-08-22 14:22:20,745 INFO [localhost-startStop-1] o.s.w.c.ContextLoader [ContextLoader.java:285] Root WebApplicationContext: initialization started
2016-08-22 14:22:20,829 INFO [localhost-startStop-1] o.s.w.c.s.XmlWebApplicationContext [AbstractApplicationContext.java:510] Refreshing Root WebApplicationContext: startup date [Mon Aug 22 14:22:20 CEST 2016]; root of context hierarchy
2016-08-22 14:22:20,865 INFO [localhost-startStop-1] o.s.b.f.x.XmlBeanDefinitionReader [XmlBeanDefinitionReader.java:317] Loading XML bean definitions from class path resource [spring/business-config.xml]
2016-08-22 14:22:20,948 INFO [localhost-startStop-1] o.s.b.f.x.XmlBeanDefinitionReader [XmlBeanDefinitionReader.java:317] Loading XML bean definitions from class path resource [spring/persistence-config.xml]
2016-08-22 14:22:21,319 INFO [localhost-startStop-1] o.s.c.s.PropertySourcesPlaceholderConfigurer [PropertiesLoaderSupport.java:172] Loading properties file from class path resource [spring/data-access.properties]
2016-08-22 14:22:21,634 INFO [localhost-startStop-1] o.s.o.j.LocalContainerEntityManagerFactoryBean [LocalContainerEntityManagerFactoryBean.java:339] Building JPA container EntityManagerFactory for persistence unit 'wp'
2016-08-22 14:22:21,661 INFO [localhost-startStop-1] o.h.j.i.u.LogHelper [LogHelper.java:46] HHH000204: Processing PersistenceUnitInfo [
	name: wp
	...]
2016-08-22 14:22:21,820 INFO [localhost-startStop-1] o.h.Version [Version.java:54] HHH000412: Hibernate Core {4.3.10.Final}
2016-08-22 14:22:21,822 INFO [localhost-startStop-1] o.h.c.Environment [Environment.java:239] HHH000206: hibernate.properties not found
2016-08-22 14:22:21,825 INFO [localhost-startStop-1] o.h.c.Environment [Environment.java:346] HHH000021: Bytecode provider name : javassist
2016-08-22 14:22:22,149 INFO [localhost-startStop-1] o.h.a.c.Version [JavaReflectionManager.java:66] HCANN000001: Hibernate Commons Annotations {4.0.5.Final}
2016-08-22 14:22:22,500 INFO [localhost-startStop-1] o.h.d.Dialect [Dialect.java:145] HHH000400: Using dialect: org.hibernate.dialect.MySQLDialect
2016-08-22 14:22:22,667 INFO [localhost-startStop-1] o.h.h.i.a.ASTQueryTranslatorFactory [ASTQueryTranslatorFactory.java:47] HHH000397: Using ASTQueryTranslatorFactory
2016-08-22 14:22:22,724 INFO [localhost-startStop-1] o.h.v.i.u.Version [Version.java:27] HV000001: Hibernate Validator 5.1.3.Final
2016-08-22 14:22:23,347 INFO [localhost-startStop-1] o.h.t.h.SchemaUpdate [SchemaUpdate.java:207] HHH000228: Running hbm2ddl schema update
2016-08-22 14:22:23,347 INFO [localhost-startStop-1] o.h.t.h.SchemaUpdate [SchemaUpdate.java:218] HHH000102: Fetching database metadata
2016-08-22 14:22:23,350 INFO [localhost-startStop-1] o.h.t.h.SchemaUpdate [SchemaUpdate.java:230] HHH000396: Updating schema
2016-08-22 14:22:23,379 INFO [localhost-startStop-1] o.h.t.h.TableMetadata [TableMetadata.java:65] HHH000261: Table found: wp_project.projects
2016-08-22 14:22:23,380 INFO [localhost-startStop-1] o.h.t.h.TableMetadata [TableMetadata.java:66] HHH000037: Columns: [name]
2016-08-22 14:22:23,380 INFO [localhost-startStop-1] o.h.t.h.TableMetadata [TableMetadata.java:68] HHH000108: Foreign keys: []
2016-08-22 14:22:23,380 INFO [localhost-startStop-1] o.h.t.h.TableMetadata [TableMetadata.java:69] HHH000126: Indexes: [primary]
2016-08-22 14:22:23,390 INFO [localhost-startStop-1] o.h.t.h.TableMetadata [TableMetadata.java:65] HHH000261: Table found: wp_project.tags
2016-08-22 14:22:23,390 INFO [localhost-startStop-1] o.h.t.h.TableMetadata [TableMetadata.java:66] HHH000037: Columns: [name]
2016-08-22 14:22:23,391 INFO [localhost-startStop-1] o.h.t.h.TableMetadata [TableMetadata.java:68] HHH000108: Foreign keys: []
2016-08-22 14:22:23,391 INFO [localhost-startStop-1] o.h.t.h.TableMetadata [TableMetadata.java:69] HHH000126: Indexes: [primary]
2016-08-22 14:22:23,402 INFO [localhost-startStop-1] o.h.t.h.TableMetadata [TableMetadata.java:65] HHH000261: Table found: wp_project.worklogs
2016-08-22 14:22:23,402 INFO [localhost-startStop-1] o.h.t.h.TableMetadata [TableMetadata.java:66] HHH000037: Columns: [datum, hours, isholiday, description, id, project_name]
2016-08-22 14:22:23,402 INFO [localhost-startStop-1] o.h.t.h.TableMetadata [TableMetadata.java:68] HHH000108: Foreign keys: [fk_mdrgse09qm8txcxu9aa7hdnnq]
2016-08-22 14:22:23,403 INFO [localhost-startStop-1] o.h.t.h.TableMetadata [TableMetadata.java:69] HHH000126: Indexes: [fk_mdrgse09qm8txcxu9aa7hdnnq, primary]
2016-08-22 14:22:23,411 INFO [localhost-startStop-1] o.h.t.h.TableMetadata [TableMetadata.java:65] HHH000261: Table found: wp_project.worklogs_tags
2016-08-22 14:22:23,412 INFO [localhost-startStop-1] o.h.t.h.TableMetadata [TableMetadata.java:66] HHH000037: Columns: [worklogs_id, tags_name]
2016-08-22 14:22:23,412 INFO [localhost-startStop-1] o.h.t.h.TableMetadata [TableMetadata.java:68] HHH000108: Foreign keys: [fk_kxhln3buwe317npxx100kbqpo, fk_hsjws015mkto544y4kt6easup]
2016-08-22 14:22:23,412 INFO [localhost-startStop-1] o.h.t.h.TableMetadata [TableMetadata.java:69] HHH000126: Indexes: [fk_kxhln3buwe317npxx100kbqpo, fk_hsjws015mkto544y4kt6easup]
2016-08-22 14:22:23,413 INFO [localhost-startStop-1] o.h.t.h.SchemaUpdate [SchemaUpdate.java:267] HHH000232: Schema update complete
2016-08-22 14:22:23,728 INFO [localhost-startStop-1] o.s.w.c.ContextLoader [ContextLoader.java:325] Root WebApplicationContext: initialization completed in 2980 ms
2016-08-22 14:22:23,749 INFO [localhost-startStop-1] o.s.w.s.DispatcherServlet [FrameworkServlet.java:485] FrameworkServlet 'dispatcherServlet': initialization started
2016-08-22 14:22:23,752 INFO [localhost-startStop-1] o.s.w.c.s.XmlWebApplicationContext [AbstractApplicationContext.java:510] Refreshing WebApplicationContext for namespace 'dispatcherServlet-servlet': startup date [Mon Aug 22 14:22:23 CEST 2016]; parent: Root WebApplicationContext
2016-08-22 14:22:23,753 INFO [localhost-startStop-1] o.s.b.f.x.XmlBeanDefinitionReader [XmlBeanDefinitionReader.java:317] Loading XML bean definitions from class path resource [spring/mvc-core-config.xml]
2016-08-22 14:22:23,784 INFO [localhost-startStop-1] o.s.b.f.x.XmlBeanDefinitionReader [XmlBeanDefinitionReader.java:317] Loading XML bean definitions from class path resource [spring/mvc-view-config.xml]
2016-08-22 14:22:24,038 INFO [localhost-startStop-1] o.s.w.s.m.m.a.RequestMappingHandlerMapping [AbstractHandlerMethodMapping.java:217] Mapped "{[/{filename:.+}],methods=[GET]}" onto public org.springframework.http.ResponseEntity<?> mk.ukim.finki.wp.web.FileUploadController.getFile(java.lang.String)
2016-08-22 14:22:24,039 INFO [localhost-startStop-1] o.s.w.s.m.m.a.RequestMappingHandlerMapping [AbstractHandlerMethodMapping.java:217] Mapped "{[/addWorkLog],methods=[POST]}" onto public java.lang.String mk.ukim.finki.wp.web.FileUploadController.addWorkLog(javax.servlet.http.HttpServletRequest,javax.servlet.http.HttpServletResponse)
2016-08-22 14:22:24,040 INFO [localhost-startStop-1] o.s.w.s.m.m.a.RequestMappingHandlerMapping [AbstractHandlerMethodMapping.java:217] Mapped "{[/addWorkLog],methods=[GET]}" onto public java.lang.String mk.ukim.finki.wp.web.FileUploadController.addNewRow(org.springframework.ui.Model) throws java.io.IOException
2016-08-22 14:22:24,040 INFO [localhost-startStop-1] o.s.w.s.m.m.a.RequestMappingHandlerMapping [AbstractHandlerMethodMapping.java:217] Mapped "{[/],methods=[POST]}" onto public java.lang.String mk.ukim.finki.wp.web.FileUploadController.handleFileUpload(org.springframework.web.multipart.MultipartFile,org.springframework.web.servlet.mvc.support.RedirectAttributes) throws java.lang.Exception
2016-08-22 14:22:24,040 INFO [localhost-startStop-1] o.s.w.s.m.m.a.RequestMappingHandlerMapping [AbstractHandlerMethodMapping.java:217] Mapped "{[/],methods=[GET]}" onto public java.lang.String mk.ukim.finki.wp.web.FileUploadController.provideUploadInfo(org.springframework.ui.Model) throws java.io.IOException
2016-08-22 14:22:24,043 INFO [localhost-startStop-1] o.s.w.s.m.m.a.RequestMappingHandlerMapping [AbstractHandlerMethodMapping.java:217] Mapped "{[/rest/getTags],methods=[GET]}" onto public java.util.List<java.lang.String> mk.ukim.finki.wp.web.RestWorkLogController.getTags(javax.servlet.http.HttpServletRequest,javax.servlet.http.HttpServletResponse)
2016-08-22 14:22:24,044 INFO [localhost-startStop-1] o.s.w.s.m.m.a.RequestMappingHandlerMapping [AbstractHandlerMethodMapping.java:217] Mapped "{[/rest/getProjects],methods=[GET]}" onto public java.util.List<java.lang.String> mk.ukim.finki.wp.web.RestWorkLogController.getProjects(javax.servlet.http.HttpServletRequest,javax.servlet.http.HttpServletResponse)
2016-08-22 14:22:24,044 INFO [localhost-startStop-1] o.s.w.s.m.m.a.RequestMappingHandlerMapping [AbstractHandlerMethodMapping.java:217] Mapped "{[/rest/getWorkLogs],methods=[GET]}" onto public java.util.List<mk.ukim.finki.wp.model.WorkLog> mk.ukim.finki.wp.web.RestWorkLogController.getWorkLogs(javax.servlet.http.HttpServletRequest,javax.servlet.http.HttpServletResponse)
2016-08-22 14:22:24,045 INFO [localhost-startStop-1] o.s.w.s.m.m.a.RequestMappingHandlerMapping [AbstractHandlerMethodMapping.java:217] Mapped "{[/rest/deleteAll],methods=[GET]}" onto public java.lang.String mk.ukim.finki.wp.web.RestWorkLogController.deleteAll()
2016-08-22 14:22:24,368 INFO [localhost-startStop-1] o.s.w.s.m.m.a.RequestMappingHandlerAdapter [RequestMappingHandlerAdapter.java:517] Looking for @ControllerAdvice: WebApplicationContext for namespace 'dispatcherServlet-servlet': startup date [Mon Aug 22 14:22:23 CEST 2016]; parent: Root WebApplicationContext
2016-08-22 14:22:24,412 INFO [localhost-startStop-1] o.s.w.s.m.m.a.RequestMappingHandlerAdapter [RequestMappingHandlerAdapter.java:517] Looking for @ControllerAdvice: WebApplicationContext for namespace 'dispatcherServlet-servlet': startup date [Mon Aug 22 14:22:23 CEST 2016]; parent: Root WebApplicationContext
2016-08-22 14:22:24,471 INFO [localhost-startStop-1] o.s.w.s.h.SimpleUrlHandlerMapping [AbstractUrlHandlerMapping.java:314] Mapped URL path [/**] onto handler 'org.springframework.web.servlet.resource.ResourceHttpRequestHandler#0'
2016-08-22 14:22:24,480 INFO [localhost-startStop-1] o.s.w.s.h.SimpleUrlHandlerMapping [AbstractUrlHandlerMapping.java:301] Root mapping to handler of type [class org.springframework.web.servlet.mvc.ParameterizableViewController]
2016-08-22 14:22:24,486 INFO [localhost-startStop-1] o.s.w.s.h.SimpleUrlHandlerMapping [AbstractUrlHandlerMapping.java:314] Mapped URL path [/**] onto handler 'org.springframework.web.servlet.resource.DefaultServletHttpRequestHandler#0'
2016-08-22 14:22:24,529 INFO [localhost-startStop-1] o.s.w.s.DispatcherServlet [FrameworkServlet.java:504] FrameworkServlet 'dispatcherServlet': initialization completed in 779 ms
2016-08-22 14:24:21,835 INFO [localhost-startStop-1] o.s.w.c.ContextLoader [ContextLoader.java:285] Root WebApplicationContext: initialization started
2016-08-22 14:24:21,939 INFO [localhost-startStop-1] o.s.w.c.s.XmlWebApplicationContext [AbstractApplicationContext.java:510] Refreshing Root WebApplicationContext: startup date [Mon Aug 22 14:24:21 CEST 2016]; root of context hierarchy
2016-08-22 14:24:21,983 INFO [localhost-startStop-1] o.s.b.f.x.XmlBeanDefinitionReader [XmlBeanDefinitionReader.java:317] Loading XML bean definitions from class path resource [spring/business-config.xml]
2016-08-22 14:24:22,075 INFO [localhost-startStop-1] o.s.b.f.x.XmlBeanDefinitionReader [XmlBeanDefinitionReader.java:317] Loading XML bean definitions from class path resource [spring/persistence-config.xml]
2016-08-22 14:24:22,656 INFO [localhost-startStop-1] o.s.c.s.PropertySourcesPlaceholderConfigurer [PropertiesLoaderSupport.java:172] Loading properties file from class path resource [spring/data-access.properties]
2016-08-22 14:24:22,954 INFO [localhost-startStop-1] o.s.o.j.LocalContainerEntityManagerFactoryBean [LocalContainerEntityManagerFactoryBean.java:339] Building JPA container EntityManagerFactory for persistence unit 'wp'
2016-08-22 14:24:22,984 INFO [localhost-startStop-1] o.h.j.i.u.LogHelper [LogHelper.java:46] HHH000204: Processing PersistenceUnitInfo [
	name: wp
	...]
2016-08-22 14:24:23,209 INFO [localhost-startStop-1] o.h.Version [Version.java:54] HHH000412: Hibernate Core {4.3.10.Final}
2016-08-22 14:24:23,215 INFO [localhost-startStop-1] o.h.c.Environment [Environment.java:239] HHH000206: hibernate.properties not found
2016-08-22 14:24:23,218 INFO [localhost-startStop-1] o.h.c.Environment [Environment.java:346] HHH000021: Bytecode provider name : javassist
2016-08-22 14:24:23,547 INFO [localhost-startStop-1] o.h.a.c.Version [JavaReflectionManager.java:66] HCANN000001: Hibernate Commons Annotations {4.0.5.Final}
2016-08-22 14:24:24,147 INFO [localhost-startStop-1] o.h.d.Dialect [Dialect.java:145] HHH000400: Using dialect: org.hibernate.dialect.MySQLDialect
2016-08-22 14:24:24,444 INFO [localhost-startStop-1] o.h.h.i.a.ASTQueryTranslatorFactory [ASTQueryTranslatorFactory.java:47] HHH000397: Using ASTQueryTranslatorFactory
2016-08-22 14:24:24,519 INFO [localhost-startStop-1] o.h.v.i.u.Version [Version.java:27] HV000001: Hibernate Validator 5.1.3.Final
2016-08-22 14:24:25,156 INFO [localhost-startStop-1] o.h.t.h.SchemaUpdate [SchemaUpdate.java:207] HHH000228: Running hbm2ddl schema update
2016-08-22 14:24:25,156 INFO [localhost-startStop-1] o.h.t.h.SchemaUpdate [SchemaUpdate.java:218] HHH000102: Fetching database metadata
2016-08-22 14:24:25,159 INFO [localhost-startStop-1] o.h.t.h.SchemaUpdate [SchemaUpdate.java:230] HHH000396: Updating schema
2016-08-22 14:24:25,186 INFO [localhost-startStop-1] o.h.t.h.TableMetadata [TableMetadata.java:65] HHH000261: Table found: wp_project.projects
2016-08-22 14:24:25,187 INFO [localhost-startStop-1] o.h.t.h.TableMetadata [TableMetadata.java:66] HHH000037: Columns: [name]
2016-08-22 14:24:25,187 INFO [localhost-startStop-1] o.h.t.h.TableMetadata [TableMetadata.java:68] HHH000108: Foreign keys: []
2016-08-22 14:24:25,187 INFO [localhost-startStop-1] o.h.t.h.TableMetadata [TableMetadata.java:69] HHH000126: Indexes: [primary]
2016-08-22 14:24:25,196 INFO [localhost-startStop-1] o.h.t.h.TableMetadata [TableMetadata.java:65] HHH000261: Table found: wp_project.tags
2016-08-22 14:24:25,197 INFO [localhost-startStop-1] o.h.t.h.TableMetadata [TableMetadata.java:66] HHH000037: Columns: [name]
2016-08-22 14:24:25,197 INFO [localhost-startStop-1] o.h.t.h.TableMetadata [TableMetadata.java:68] HHH000108: Foreign keys: []
2016-08-22 14:24:25,198 INFO [localhost-startStop-1] o.h.t.h.TableMetadata [TableMetadata.java:69] HHH000126: Indexes: [primary]
2016-08-22 14:24:25,208 INFO [localhost-startStop-1] o.h.t.h.TableMetadata [TableMetadata.java:65] HHH000261: Table found: wp_project.worklogs
2016-08-22 14:24:25,209 INFO [localhost-startStop-1] o.h.t.h.TableMetadata [TableMetadata.java:66] HHH000037: Columns: [datum, hours, isholiday, description, id, project_name]
2016-08-22 14:24:25,209 INFO [localhost-startStop-1] o.h.t.h.TableMetadata [TableMetadata.java:68] HHH000108: Foreign keys: [fk_mdrgse09qm8txcxu9aa7hdnnq]
2016-08-22 14:24:25,209 INFO [localhost-startStop-1] o.h.t.h.TableMetadata [TableMetadata.java:69] HHH000126: Indexes: [fk_mdrgse09qm8txcxu9aa7hdnnq, primary]
2016-08-22 14:24:25,218 INFO [localhost-startStop-1] o.h.t.h.TableMetadata [TableMetadata.java:65] HHH000261: Table found: wp_project.worklogs_tags
2016-08-22 14:24:25,218 INFO [localhost-startStop-1] o.h.t.h.TableMetadata [TableMetadata.java:66] HHH000037: Columns: [worklogs_id, tags_name]
2016-08-22 14:24:25,218 INFO [localhost-startStop-1] o.h.t.h.TableMetadata [TableMetadata.java:68] HHH000108: Foreign keys: [fk_kxhln3buwe317npxx100kbqpo, fk_hsjws015mkto544y4kt6easup]
2016-08-22 14:24:25,219 INFO [localhost-startStop-1] o.h.t.h.TableMetadata [TableMetadata.java:69] HHH000126: Indexes: [fk_kxhln3buwe317npxx100kbqpo, fk_hsjws015mkto544y4kt6easup]
2016-08-22 14:24:25,220 INFO [localhost-startStop-1] o.h.t.h.SchemaUpdate [SchemaUpdate.java:267] HHH000232: Schema update complete
2016-08-22 14:24:25,623 INFO [localhost-startStop-1] o.s.w.c.ContextLoader [ContextLoader.java:325] Root WebApplicationContext: initialization completed in 3782 ms
2016-08-22 14:24:25,655 INFO [localhost-startStop-1] o.s.w.s.DispatcherServlet [FrameworkServlet.java:485] FrameworkServlet 'dispatcherServlet': initialization started
2016-08-22 14:24:25,658 INFO [localhost-startStop-1] o.s.w.c.s.XmlWebApplicationContext [AbstractApplicationContext.java:510] Refreshing WebApplicationContext for namespace 'dispatcherServlet-servlet': startup date [Mon Aug 22 14:24:25 CEST 2016]; parent: Root WebApplicationContext
2016-08-22 14:24:25,659 INFO [localhost-startStop-1] o.s.b.f.x.XmlBeanDefinitionReader [XmlBeanDefinitionReader.java:317] Loading XML bean definitions from class path resource [spring/mvc-core-config.xml]
2016-08-22 14:24:25,686 INFO [localhost-startStop-1] o.s.b.f.x.XmlBeanDefinitionReader [XmlBeanDefinitionReader.java:317] Loading XML bean definitions from class path resource [spring/mvc-view-config.xml]
2016-08-22 14:24:26,168 INFO [localhost-startStop-1] o.s.w.s.m.m.a.RequestMappingHandlerMapping [AbstractHandlerMethodMapping.java:217] Mapped "{[/{filename:.+}],methods=[GET]}" onto public org.springframework.http.ResponseEntity<?> mk.ukim.finki.wp.web.FileUploadController.getFile(java.lang.String)
2016-08-22 14:24:26,169 INFO [localhost-startStop-1] o.s.w.s.m.m.a.RequestMappingHandlerMapping [AbstractHandlerMethodMapping.java:217] Mapped "{[/addWorkLog],methods=[GET]}" onto public java.lang.String mk.ukim.finki.wp.web.FileUploadController.addNewRow(org.springframework.ui.Model) throws java.io.IOException
2016-08-22 14:24:26,169 INFO [localhost-startStop-1] o.s.w.s.m.m.a.RequestMappingHandlerMapping [AbstractHandlerMethodMapping.java:217] Mapped "{[/addWorkLog],methods=[POST]}" onto public java.lang.String mk.ukim.finki.wp.web.FileUploadController.addWorkLog(javax.servlet.http.HttpServletRequest,javax.servlet.http.HttpServletResponse)
2016-08-22 14:24:26,170 INFO [localhost-startStop-1] o.s.w.s.m.m.a.RequestMappingHandlerMapping [AbstractHandlerMethodMapping.java:217] Mapped "{[/],methods=[POST]}" onto public java.lang.String mk.ukim.finki.wp.web.FileUploadController.handleFileUpload(org.springframework.web.multipart.MultipartFile,org.springframework.web.servlet.mvc.support.RedirectAttributes) throws java.lang.Exception
2016-08-22 14:24:26,170 INFO [localhost-startStop-1] o.s.w.s.m.m.a.RequestMappingHandlerMapping [AbstractHandlerMethodMapping.java:217] Mapped "{[/],methods=[GET]}" onto public java.lang.String mk.ukim.finki.wp.web.FileUploadController.provideUploadInfo(org.springframework.ui.Model) throws java.io.IOException
2016-08-22 14:24:26,172 INFO [localhost-startStop-1] o.s.w.s.m.m.a.RequestMappingHandlerMapping [AbstractHandlerMethodMapping.java:217] Mapped "{[/rest/getProjects],methods=[GET]}" onto public java.util.List<java.lang.String> mk.ukim.finki.wp.web.RestWorkLogController.getProjects(javax.servlet.http.HttpServletRequest,javax.servlet.http.HttpServletResponse)
2016-08-22 14:24:26,173 INFO [localhost-startStop-1] o.s.w.s.m.m.a.RequestMappingHandlerMapping [AbstractHandlerMethodMapping.java:217] Mapped "{[/rest/getTags],methods=[GET]}" onto public java.util.List<java.lang.String> mk.ukim.finki.wp.web.RestWorkLogController.getTags(javax.servlet.http.HttpServletRequest,javax.servlet.http.HttpServletResponse)
2016-08-22 14:24:26,173 INFO [localhost-startStop-1] o.s.w.s.m.m.a.RequestMappingHandlerMapping [AbstractHandlerMethodMapping.java:217] Mapped "{[/rest/deleteAll],methods=[GET]}" onto public java.lang.String mk.ukim.finki.wp.web.RestWorkLogController.deleteAll()
2016-08-22 14:24:26,173 INFO [localhost-startStop-1] o.s.w.s.m.m.a.RequestMappingHandlerMapping [AbstractHandlerMethodMapping.java:217] Mapped "{[/rest/getWorkLogs],methods=[GET]}" onto public java.util.List<mk.ukim.finki.wp.model.WorkLog> mk.ukim.finki.wp.web.RestWorkLogController.getWorkLogs(javax.servlet.http.HttpServletRequest,javax.servlet.http.HttpServletResponse)
2016-08-22 14:24:26,603 INFO [localhost-startStop-1] o.s.w.s.m.m.a.RequestMappingHandlerAdapter [RequestMappingHandlerAdapter.java:517] Looking for @ControllerAdvice: WebApplicationContext for namespace 'dispatcherServlet-servlet': startup date [Mon Aug 22 14:24:25 CEST 2016]; parent: Root WebApplicationContext
2016-08-22 14:24:26,661 INFO [localhost-startStop-1] o.s.w.s.m.m.a.RequestMappingHandlerAdapter [RequestMappingHandlerAdapter.java:517] Looking for @ControllerAdvice: WebApplicationContext for namespace 'dispatcherServlet-servlet': startup date [Mon Aug 22 14:24:25 CEST 2016]; parent: Root WebApplicationContext
2016-08-22 14:24:26,769 INFO [localhost-startStop-1] o.s.w.s.h.SimpleUrlHandlerMapping [AbstractUrlHandlerMapping.java:314] Mapped URL path [/**] onto handler 'org.springframework.web.servlet.resource.ResourceHttpRequestHandler#0'
2016-08-22 14:24:26,780 INFO [localhost-startStop-1] o.s.w.s.h.SimpleUrlHandlerMapping [AbstractUrlHandlerMapping.java:301] Root mapping to handler of type [class org.springframework.web.servlet.mvc.ParameterizableViewController]
2016-08-22 14:24:26,788 INFO [localhost-startStop-1] o.s.w.s.h.SimpleUrlHandlerMapping [AbstractUrlHandlerMapping.java:314] Mapped URL path [/**] onto handler 'org.springframework.web.servlet.resource.DefaultServletHttpRequestHandler#0'
2016-08-22 14:24:26,843 INFO [localhost-startStop-1] o.s.w.s.DispatcherServlet [FrameworkServlet.java:504] FrameworkServlet 'dispatcherServlet': initialization completed in 1187 ms
2016-08-22 14:27:15,258 INFO [localhost-startStop-1] o.s.w.c.ContextLoader [ContextLoader.java:285] Root WebApplicationContext: initialization started
2016-08-22 14:27:15,412 INFO [localhost-startStop-1] o.s.w.c.s.XmlWebApplicationContext [AbstractApplicationContext.java:510] Refreshing Root WebApplicationContext: startup date [Mon Aug 22 14:27:15 CEST 2016]; root of context hierarchy
2016-08-22 14:27:15,489 INFO [localhost-startStop-1] o.s.b.f.x.XmlBeanDefinitionReader [XmlBeanDefinitionReader.java:317] Loading XML bean definitions from class path resource [spring/business-config.xml]
2016-08-22 14:27:15,661 INFO [localhost-startStop-1] o.s.b.f.x.XmlBeanDefinitionReader [XmlBeanDefinitionReader.java:317] Loading XML bean definitions from class path resource [spring/persistence-config.xml]
2016-08-22 14:27:16,350 INFO [localhost-startStop-1] o.s.c.s.PropertySourcesPlaceholderConfigurer [PropertiesLoaderSupport.java:172] Loading properties file from class path resource [spring/data-access.properties]
2016-08-22 14:27:16,713 INFO [localhost-startStop-1] o.s.o.j.LocalContainerEntityManagerFactoryBean [LocalContainerEntityManagerFactoryBean.java:339] Building JPA container EntityManagerFactory for persistence unit 'wp'
2016-08-22 14:27:16,740 INFO [localhost-startStop-1] o.h.j.i.u.LogHelper [LogHelper.java:46] HHH000204: Processing PersistenceUnitInfo [
	name: wp
	...]
2016-08-22 14:27:16,901 INFO [localhost-startStop-1] o.h.Version [Version.java:54] HHH000412: Hibernate Core {4.3.10.Final}
2016-08-22 14:27:16,904 INFO [localhost-startStop-1] o.h.c.Environment [Environment.java:239] HHH000206: hibernate.properties not found
2016-08-22 14:27:16,907 INFO [localhost-startStop-1] o.h.c.Environment [Environment.java:346] HHH000021: Bytecode provider name : javassist
2016-08-22 14:27:17,353 INFO [localhost-startStop-1] o.h.a.c.Version [JavaReflectionManager.java:66] HCANN000001: Hibernate Commons Annotations {4.0.5.Final}
2016-08-22 14:27:17,704 INFO [localhost-startStop-1] o.h.d.Dialect [Dialect.java:145] HHH000400: Using dialect: org.hibernate.dialect.MySQLDialect
2016-08-22 14:27:17,870 INFO [localhost-startStop-1] o.h.h.i.a.ASTQueryTranslatorFactory [ASTQueryTranslatorFactory.java:47] HHH000397: Using ASTQueryTranslatorFactory
2016-08-22 14:27:17,926 INFO [localhost-startStop-1] o.h.v.i.u.Version [Version.java:27] HV000001: Hibernate Validator 5.1.3.Final
2016-08-22 14:27:18,503 INFO [localhost-startStop-1] o.h.t.h.SchemaUpdate [SchemaUpdate.java:207] HHH000228: Running hbm2ddl schema update
2016-08-22 14:27:18,504 INFO [localhost-startStop-1] o.h.t.h.SchemaUpdate [SchemaUpdate.java:218] HHH000102: Fetching database metadata
2016-08-22 14:27:18,508 INFO [localhost-startStop-1] o.h.t.h.SchemaUpdate [SchemaUpdate.java:230] HHH000396: Updating schema
2016-08-22 14:27:18,547 INFO [localhost-startStop-1] o.h.t.h.TableMetadata [TableMetadata.java:65] HHH000261: Table found: wp_project.projects
2016-08-22 14:27:18,548 INFO [localhost-startStop-1] o.h.t.h.TableMetadata [TableMetadata.java:66] HHH000037: Columns: [name]
2016-08-22 14:27:18,548 INFO [localhost-startStop-1] o.h.t.h.TableMetadata [TableMetadata.java:68] HHH000108: Foreign keys: []
2016-08-22 14:27:18,549 INFO [localhost-startStop-1] o.h.t.h.TableMetadata [TableMetadata.java:69] HHH000126: Indexes: [primary]
2016-08-22 14:27:18,561 INFO [localhost-startStop-1] o.h.t.h.TableMetadata [TableMetadata.java:65] HHH000261: Table found: wp_project.tags
2016-08-22 14:27:18,562 INFO [localhost-startStop-1] o.h.t.h.TableMetadata [TableMetadata.java:66] HHH000037: Columns: [name]
2016-08-22 14:27:18,562 INFO [localhost-startStop-1] o.h.t.h.TableMetadata [TableMetadata.java:68] HHH000108: Foreign keys: []
2016-08-22 14:27:18,562 INFO [localhost-startStop-1] o.h.t.h.TableMetadata [TableMetadata.java:69] HHH000126: Indexes: [primary]
2016-08-22 14:27:18,576 INFO [localhost-startStop-1] o.h.t.h.TableMetadata [TableMetadata.java:65] HHH000261: Table found: wp_project.worklogs
2016-08-22 14:27:18,576 INFO [localhost-startStop-1] o.h.t.h.TableMetadata [TableMetadata.java:66] HHH000037: Columns: [datum, hours, isholiday, description, id, project_name]
2016-08-22 14:27:18,577 INFO [localhost-startStop-1] o.h.t.h.TableMetadata [TableMetadata.java:68] HHH000108: Foreign keys: [fk_mdrgse09qm8txcxu9aa7hdnnq]
2016-08-22 14:27:18,578 INFO [localhost-startStop-1] o.h.t.h.TableMetadata [TableMetadata.java:69] HHH000126: Indexes: [fk_mdrgse09qm8txcxu9aa7hdnnq, primary]
2016-08-22 14:27:18,589 INFO [localhost-startStop-1] o.h.t.h.TableMetadata [TableMetadata.java:65] HHH000261: Table found: wp_project.worklogs_tags
2016-08-22 14:27:18,590 INFO [localhost-startStop-1] o.h.t.h.TableMetadata [TableMetadata.java:66] HHH000037: Columns: [worklogs_id, tags_name]
2016-08-22 14:27:18,591 INFO [localhost-startStop-1] o.h.t.h.TableMetadata [TableMetadata.java:68] HHH000108: Foreign keys: [fk_kxhln3buwe317npxx100kbqpo, fk_hsjws015mkto544y4kt6easup]
2016-08-22 14:27:18,591 INFO [localhost-startStop-1] o.h.t.h.TableMetadata [TableMetadata.java:69] HHH000126: Indexes: [fk_kxhln3buwe317npxx100kbqpo, fk_hsjws015mkto544y4kt6easup]
2016-08-22 14:27:18,593 INFO [localhost-startStop-1] o.h.t.h.SchemaUpdate [SchemaUpdate.java:267] HHH000232: Schema update complete
2016-08-22 14:27:18,969 INFO [localhost-startStop-1] o.s.w.c.ContextLoader [ContextLoader.java:325] Root WebApplicationContext: initialization completed in 3704 ms
2016-08-22 14:27:18,989 INFO [localhost-startStop-1] o.s.w.s.DispatcherServlet [FrameworkServlet.java:485] FrameworkServlet 'dispatcherServlet': initialization started
2016-08-22 14:27:18,991 INFO [localhost-startStop-1] o.s.w.c.s.XmlWebApplicationContext [AbstractApplicationContext.java:510] Refreshing WebApplicationContext for namespace 'dispatcherServlet-servlet': startup date [Mon Aug 22 14:27:18 CEST 2016]; parent: Root WebApplicationContext
2016-08-22 14:27:18,992 INFO [localhost-startStop-1] o.s.b.f.x.XmlBeanDefinitionReader [XmlBeanDefinitionReader.java:317] Loading XML bean definitions from class path resource [spring/mvc-core-config.xml]
2016-08-22 14:27:19,022 INFO [localhost-startStop-1] o.s.b.f.x.XmlBeanDefinitionReader [XmlBeanDefinitionReader.java:317] Loading XML bean definitions from class path resource [spring/mvc-view-config.xml]
2016-08-22 14:27:19,302 INFO [localhost-startStop-1] o.s.w.s.m.m.a.RequestMappingHandlerMapping [AbstractHandlerMethodMapping.java:217] Mapped "{[/{filename:.+}],methods=[GET]}" onto public org.springframework.http.ResponseEntity<?> mk.ukim.finki.wp.web.FileUploadController.getFile(java.lang.String)
2016-08-22 14:27:19,302 INFO [localhost-startStop-1] o.s.w.s.m.m.a.RequestMappingHandlerMapping [AbstractHandlerMethodMapping.java:217] Mapped "{[/],methods=[GET]}" onto public java.lang.String mk.ukim.finki.wp.web.FileUploadController.provideUploadInfo(org.springframework.ui.Model) throws java.io.IOException
2016-08-22 14:27:19,303 INFO [localhost-startStop-1] o.s.w.s.m.m.a.RequestMappingHandlerMapping [AbstractHandlerMethodMapping.java:217] Mapped "{[/addWorkLog],methods=[POST]}" onto public java.lang.String mk.ukim.finki.wp.web.FileUploadController.addWorkLog(javax.servlet.http.HttpServletRequest,javax.servlet.http.HttpServletResponse)
2016-08-22 14:27:19,303 INFO [localhost-startStop-1] o.s.w.s.m.m.a.RequestMappingHandlerMapping [AbstractHandlerMethodMapping.java:217] Mapped "{[/addWorkLog],methods=[GET]}" onto public java.lang.String mk.ukim.finki.wp.web.FileUploadController.addNewRow(org.springframework.ui.Model) throws java.io.IOException
2016-08-22 14:27:19,304 INFO [localhost-startStop-1] o.s.w.s.m.m.a.RequestMappingHandlerMapping [AbstractHandlerMethodMapping.java:217] Mapped "{[/],methods=[POST]}" onto public java.lang.String mk.ukim.finki.wp.web.FileUploadController.handleFileUpload(org.springframework.web.multipart.MultipartFile,org.springframework.web.servlet.mvc.support.RedirectAttributes) throws java.lang.Exception
2016-08-22 14:27:19,306 INFO [localhost-startStop-1] o.s.w.s.m.m.a.RequestMappingHandlerMapping [AbstractHandlerMethodMapping.java:217] Mapped "{[/rest/getTags],methods=[GET]}" onto public java.util.List<java.lang.String> mk.ukim.finki.wp.web.RestWorkLogController.getTags(javax.servlet.http.HttpServletRequest,javax.servlet.http.HttpServletResponse)
2016-08-22 14:27:19,307 INFO [localhost-startStop-1] o.s.w.s.m.m.a.RequestMappingHandlerMapping [AbstractHandlerMethodMapping.java:217] Mapped "{[/rest/getProjects],methods=[GET]}" onto public java.util.List<java.lang.String> mk.ukim.finki.wp.web.RestWorkLogController.getProjects(javax.servlet.http.HttpServletRequest,javax.servlet.http.HttpServletResponse)
2016-08-22 14:27:19,307 INFO [localhost-startStop-1] o.s.w.s.m.m.a.RequestMappingHandlerMapping [AbstractHandlerMethodMapping.java:217] Mapped "{[/rest/deleteAll],methods=[GET]}" onto public java.lang.String mk.ukim.finki.wp.web.RestWorkLogController.deleteAll()
2016-08-22 14:27:19,308 INFO [localhost-startStop-1] o.s.w.s.m.m.a.RequestMappingHandlerMapping [AbstractHandlerMethodMapping.java:217] Mapped "{[/rest/getWorkLogs],methods=[GET]}" onto public java.util.List<mk.ukim.finki.wp.model.WorkLog> mk.ukim.finki.wp.web.RestWorkLogController.getWorkLogs(javax.servlet.http.HttpServletRequest,javax.servlet.http.HttpServletResponse)
2016-08-22 14:27:19,659 INFO [localhost-startStop-1] o.s.w.s.m.m.a.RequestMappingHandlerAdapter [RequestMappingHandlerAdapter.java:517] Looking for @ControllerAdvice: WebApplicationContext for namespace 'dispatcherServlet-servlet': startup date [Mon Aug 22 14:27:18 CEST 2016]; parent: Root WebApplicationContext
2016-08-22 14:27:19,699 INFO [localhost-startStop-1] o.s.w.s.m.m.a.RequestMappingHandlerAdapter [RequestMappingHandlerAdapter.java:517] Looking for @ControllerAdvice: WebApplicationContext for namespace 'dispatcherServlet-servlet': startup date [Mon Aug 22 14:27:18 CEST 2016]; parent: Root WebApplicationContext
2016-08-22 14:27:19,768 INFO [localhost-startStop-1] o.s.w.s.h.SimpleUrlHandlerMapping [AbstractUrlHandlerMapping.java:314] Mapped URL path [/**] onto handler 'org.springframework.web.servlet.resource.ResourceHttpRequestHandler#0'
2016-08-22 14:27:19,775 INFO [localhost-startStop-1] o.s.w.s.h.SimpleUrlHandlerMapping [AbstractUrlHandlerMapping.java:301] Root mapping to handler of type [class org.springframework.web.servlet.mvc.ParameterizableViewController]
2016-08-22 14:27:19,781 INFO [localhost-startStop-1] o.s.w.s.h.SimpleUrlHandlerMapping [AbstractUrlHandlerMapping.java:314] Mapped URL path [/**] onto handler 'org.springframework.web.servlet.resource.DefaultServletHttpRequestHandler#0'
2016-08-22 14:27:19,812 INFO [localhost-startStop-1] o.s.w.s.DispatcherServlet [FrameworkServlet.java:504] FrameworkServlet 'dispatcherServlet': initialization completed in 823 ms
2016-08-22 14:29:06,069 INFO [localhost-startStop-1] o.s.w.c.ContextLoader [ContextLoader.java:285] Root WebApplicationContext: initialization started
2016-08-22 14:29:06,195 INFO [localhost-startStop-1] o.s.w.c.s.XmlWebApplicationContext [AbstractApplicationContext.java:510] Refreshing Root WebApplicationContext: startup date [Mon Aug 22 14:29:06 CEST 2016]; root of context hierarchy
2016-08-22 14:29:06,264 INFO [localhost-startStop-1] o.s.b.f.x.XmlBeanDefinitionReader [XmlBeanDefinitionReader.java:317] Loading XML bean definitions from class path resource [spring/business-config.xml]
2016-08-22 14:29:06,378 INFO [localhost-startStop-1] o.s.b.f.x.XmlBeanDefinitionReader [XmlBeanDefinitionReader.java:317] Loading XML bean definitions from class path resource [spring/persistence-config.xml]
2016-08-22 14:29:06,669 INFO [localhost-startStop-1] o.s.c.s.PropertySourcesPlaceholderConfigurer [PropertiesLoaderSupport.java:172] Loading properties file from class path resource [spring/data-access.properties]
2016-08-22 14:29:06,837 INFO [localhost-startStop-1] o.s.o.j.LocalContainerEntityManagerFactoryBean [LocalContainerEntityManagerFactoryBean.java:339] Building JPA container EntityManagerFactory for persistence unit 'wp'
2016-08-22 14:29:06,861 INFO [localhost-startStop-1] o.h.j.i.u.LogHelper [LogHelper.java:46] HHH000204: Processing PersistenceUnitInfo [
	name: wp
	...]
2016-08-22 14:29:07,001 INFO [localhost-startStop-1] o.h.Version [Version.java:54] HHH000412: Hibernate Core {4.3.10.Final}
2016-08-22 14:29:07,004 INFO [localhost-startStop-1] o.h.c.Environment [Environment.java:239] HHH000206: hibernate.properties not found
2016-08-22 14:29:07,005 INFO [localhost-startStop-1] o.h.c.Environment [Environment.java:346] HHH000021: Bytecode provider name : javassist
2016-08-22 14:29:07,287 INFO [localhost-startStop-1] o.h.a.c.Version [JavaReflectionManager.java:66] HCANN000001: Hibernate Commons Annotations {4.0.5.Final}
2016-08-22 14:29:07,619 INFO [localhost-startStop-1] o.h.d.Dialect [Dialect.java:145] HHH000400: Using dialect: org.hibernate.dialect.MySQLDialect
2016-08-22 14:29:07,773 INFO [localhost-startStop-1] o.h.h.i.a.ASTQueryTranslatorFactory [ASTQueryTranslatorFactory.java:47] HHH000397: Using ASTQueryTranslatorFactory
2016-08-22 14:29:07,826 INFO [localhost-startStop-1] o.h.v.i.u.Version [Version.java:27] HV000001: Hibernate Validator 5.1.3.Final
2016-08-22 14:29:08,220 INFO [localhost-startStop-1] o.h.t.h.SchemaUpdate [SchemaUpdate.java:207] HHH000228: Running hbm2ddl schema update
2016-08-22 14:29:08,220 INFO [localhost-startStop-1] o.h.t.h.SchemaUpdate [SchemaUpdate.java:218] HHH000102: Fetching database metadata
2016-08-22 14:29:08,222 INFO [localhost-startStop-1] o.h.t.h.SchemaUpdate [SchemaUpdate.java:230] HHH000396: Updating schema
2016-08-22 14:29:08,248 INFO [localhost-startStop-1] o.h.t.h.TableMetadata [TableMetadata.java:65] HHH000261: Table found: wp_project.projects
2016-08-22 14:29:08,249 INFO [localhost-startStop-1] o.h.t.h.TableMetadata [TableMetadata.java:66] HHH000037: Columns: [name]
2016-08-22 14:29:08,249 INFO [localhost-startStop-1] o.h.t.h.TableMetadata [TableMetadata.java:68] HHH000108: Foreign keys: []
2016-08-22 14:29:08,249 INFO [localhost-startStop-1] o.h.t.h.TableMetadata [TableMetadata.java:69] HHH000126: Indexes: [primary]
2016-08-22 14:29:08,279 INFO [localhost-startStop-1] o.h.t.h.TableMetadata [TableMetadata.java:65] HHH000261: Table found: wp_project.tags
2016-08-22 14:29:08,279 INFO [localhost-startStop-1] o.h.t.h.TableMetadata [TableMetadata.java:66] HHH000037: Columns: [name]
2016-08-22 14:29:08,280 INFO [localhost-startStop-1] o.h.t.h.TableMetadata [TableMetadata.java:68] HHH000108: Foreign keys: []
2016-08-22 14:29:08,280 INFO [localhost-startStop-1] o.h.t.h.TableMetadata [TableMetadata.java:69] HHH000126: Indexes: [primary]
2016-08-22 14:29:08,292 INFO [localhost-startStop-1] o.h.t.h.TableMetadata [TableMetadata.java:65] HHH000261: Table found: wp_project.worklogs
2016-08-22 14:29:08,292 INFO [localhost-startStop-1] o.h.t.h.TableMetadata [TableMetadata.java:66] HHH000037: Columns: [datum, hours, isholiday, description, id, project_name]
2016-08-22 14:29:08,293 INFO [localhost-startStop-1] o.h.t.h.TableMetadata [TableMetadata.java:68] HHH000108: Foreign keys: [fk_mdrgse09qm8txcxu9aa7hdnnq]
2016-08-22 14:29:08,293 INFO [localhost-startStop-1] o.h.t.h.TableMetadata [TableMetadata.java:69] HHH000126: Indexes: [fk_mdrgse09qm8txcxu9aa7hdnnq, primary]
2016-08-22 14:29:08,302 INFO [localhost-startStop-1] o.h.t.h.TableMetadata [TableMetadata.java:65] HHH000261: Table found: wp_project.worklogs_tags
2016-08-22 14:29:08,303 INFO [localhost-startStop-1] o.h.t.h.TableMetadata [TableMetadata.java:66] HHH000037: Columns: [worklogs_id, tags_name]
2016-08-22 14:29:08,303 INFO [localhost-startStop-1] o.h.t.h.TableMetadata [TableMetadata.java:68] HHH000108: Foreign keys: [fk_kxhln3buwe317npxx100kbqpo, fk_hsjws015mkto544y4kt6easup]
2016-08-22 14:29:08,303 INFO [localhost-startStop-1] o.h.t.h.TableMetadata [TableMetadata.java:69] HHH000126: Indexes: [fk_kxhln3buwe317npxx100kbqpo, fk_hsjws015mkto544y4kt6easup]
2016-08-22 14:29:08,304 INFO [localhost-startStop-1] o.h.t.h.SchemaUpdate [SchemaUpdate.java:267] HHH000232: Schema update complete
2016-08-22 14:29:08,608 INFO [localhost-startStop-1] o.s.w.c.ContextLoader [ContextLoader.java:325] Root WebApplicationContext: initialization completed in 2533 ms
2016-08-22 14:29:08,636 INFO [localhost-startStop-1] o.s.w.s.DispatcherServlet [FrameworkServlet.java:485] FrameworkServlet 'dispatcherServlet': initialization started
2016-08-22 14:29:08,638 INFO [localhost-startStop-1] o.s.w.c.s.XmlWebApplicationContext [AbstractApplicationContext.java:510] Refreshing WebApplicationContext for namespace 'dispatcherServlet-servlet': startup date [Mon Aug 22 14:29:08 CEST 2016]; parent: Root WebApplicationContext
2016-08-22 14:29:08,638 INFO [localhost-startStop-1] o.s.b.f.x.XmlBeanDefinitionReader [XmlBeanDefinitionReader.java:317] Loading XML bean definitions from class path resource [spring/mvc-core-config.xml]
2016-08-22 14:29:08,665 INFO [localhost-startStop-1] o.s.b.f.x.XmlBeanDefinitionReader [XmlBeanDefinitionReader.java:317] Loading XML bean definitions from class path resource [spring/mvc-view-config.xml]
2016-08-22 14:29:08,925 INFO [localhost-startStop-1] o.s.w.s.m.m.a.RequestMappingHandlerMapping [AbstractHandlerMethodMapping.java:217] Mapped "{[/{filename:.+}],methods=[GET]}" onto public org.springframework.http.ResponseEntity<?> mk.ukim.finki.wp.web.FileUploadController.getFile(java.lang.String)
2016-08-22 14:29:08,926 INFO [localhost-startStop-1] o.s.w.s.m.m.a.RequestMappingHandlerMapping [AbstractHandlerMethodMapping.java:217] Mapped "{[/],methods=[GET]}" onto public java.lang.String mk.ukim.finki.wp.web.FileUploadController.provideUploadInfo(org.springframework.ui.Model) throws java.io.IOException
2016-08-22 14:29:08,926 INFO [localhost-startStop-1] o.s.w.s.m.m.a.RequestMappingHandlerMapping [AbstractHandlerMethodMapping.java:217] Mapped "{[/],methods=[POST]}" onto public java.lang.String mk.ukim.finki.wp.web.FileUploadController.handleFileUpload(org.springframework.web.multipart.MultipartFile,org.springframework.web.servlet.mvc.support.RedirectAttributes) throws java.lang.Exception
2016-08-22 14:29:08,926 INFO [localhost-startStop-1] o.s.w.s.m.m.a.RequestMappingHandlerMapping [AbstractHandlerMethodMapping.java:217] Mapped "{[/addWorkLog],methods=[POST]}" onto public java.lang.String mk.ukim.finki.wp.web.FileUploadController.addWorkLog(javax.servlet.http.HttpServletRequest,javax.servlet.http.HttpServletResponse)
2016-08-22 14:29:08,927 INFO [localhost-startStop-1] o.s.w.s.m.m.a.RequestMappingHandlerMapping [AbstractHandlerMethodMapping.java:217] Mapped "{[/addWorkLog],methods=[GET]}" onto public java.lang.String mk.ukim.finki.wp.web.FileUploadController.addNewRow(org.springframework.ui.Model) throws java.io.IOException
2016-08-22 14:29:08,929 INFO [localhost-startStop-1] o.s.w.s.m.m.a.RequestMappingHandlerMapping [AbstractHandlerMethodMapping.java:217] Mapped "{[/rest/getProjects],methods=[GET]}" onto public java.util.List<java.lang.String> mk.ukim.finki.wp.web.RestWorkLogController.getProjects(javax.servlet.http.HttpServletRequest,javax.servlet.http.HttpServletResponse)
2016-08-22 14:29:08,930 INFO [localhost-startStop-1] o.s.w.s.m.m.a.RequestMappingHandlerMapping [AbstractHandlerMethodMapping.java:217] Mapped "{[/rest/getTags],methods=[GET]}" onto public java.util.List<java.lang.String> mk.ukim.finki.wp.web.RestWorkLogController.getTags(javax.servlet.http.HttpServletRequest,javax.servlet.http.HttpServletResponse)
2016-08-22 14:29:08,931 INFO [localhost-startStop-1] o.s.w.s.m.m.a.RequestMappingHandlerMapping [AbstractHandlerMethodMapping.java:217] Mapped "{[/rest/deleteAll],methods=[GET]}" onto public java.lang.String mk.ukim.finki.wp.web.RestWorkLogController.deleteAll()
2016-08-22 14:29:08,931 INFO [localhost-startStop-1] o.s.w.s.m.m.a.RequestMappingHandlerMapping [AbstractHandlerMethodMapping.java:217] Mapped "{[/rest/getWorkLogs],methods=[GET]}" onto public java.util.List<mk.ukim.finki.wp.model.WorkLog> mk.ukim.finki.wp.web.RestWorkLogController.getWorkLogs(javax.servlet.http.HttpServletRequest,javax.servlet.http.HttpServletResponse)
2016-08-22 14:29:09,235 INFO [localhost-startStop-1] o.s.w.s.m.m.a.RequestMappingHandlerAdapter [RequestMappingHandlerAdapter.java:517] Looking for @ControllerAdvice: WebApplicationContext for namespace 'dispatcherServlet-servlet': startup date [Mon Aug 22 14:29:08 CEST 2016]; parent: Root WebApplicationContext
2016-08-22 14:29:09,272 INFO [localhost-startStop-1] o.s.w.s.m.m.a.RequestMappingHandlerAdapter [RequestMappingHandlerAdapter.java:517] Looking for @ControllerAdvice: WebApplicationContext for namespace 'dispatcherServlet-servlet': startup date [Mon Aug 22 14:29:08 CEST 2016]; parent: Root WebApplicationContext
2016-08-22 14:29:09,325 INFO [localhost-startStop-1] o.s.w.s.h.SimpleUrlHandlerMapping [AbstractUrlHandlerMapping.java:314] Mapped URL path [/**] onto handler 'org.springframework.web.servlet.resource.ResourceHttpRequestHandler#0'
2016-08-22 14:29:09,331 INFO [localhost-startStop-1] o.s.w.s.h.SimpleUrlHandlerMapping [AbstractUrlHandlerMapping.java:301] Root mapping to handler of type [class org.springframework.web.servlet.mvc.ParameterizableViewController]
2016-08-22 14:29:09,336 INFO [localhost-startStop-1] o.s.w.s.h.SimpleUrlHandlerMapping [AbstractUrlHandlerMapping.java:314] Mapped URL path [/**] onto handler 'org.springframework.web.servlet.resource.DefaultServletHttpRequestHandler#0'
2016-08-22 14:29:09,375 INFO [localhost-startStop-1] o.s.w.s.DispatcherServlet [FrameworkServlet.java:504] FrameworkServlet 'dispatcherServlet': initialization completed in 739 ms
